[WARNING] 2024-04-17 09:11:45,645 basehttp: "GET / HTTP/1.1" 404 2763
[WARNING] 2024-04-17 09:11:46,750 basehttp: "GET /favicon.ico HTTP/1.1" 404 2814
[INFO] 2024-04-17 09:12:01,310 basehttp: "GET /admin HTTP/1.1" 301 0
[INFO] 2024-04-17 09:12:01,465 basehttp: "GET /admin/ HTTP/1.1" 302 0
[INFO] 2024-04-17 09:12:01,660 basehttp: "GET /admin/login/?next=/admin/ HTTP/1.1" 200 3062
[INFO] 2024-04-17 09:12:02,050 basehttp: "GET /static/vendor/fontawesome-free/css/all.min.css HTTP/1.1" 200 59344
[INFO] 2024-04-17 09:12:02,162 basehttp: "GET /static/vendor/adminlte/js/adminlte.min.js HTTP/1.1" 200 44244
[INFO] 2024-04-17 09:12:02,213 basehttp: "GET /static/jazzmin/css/main.css HTTP/1.1" 200 16969
[INFO] 2024-04-17 09:12:02,312 basehttp: "GET /static/vendor/adminlte/img/AdminLTELogo.png HTTP/1.1" 200 2637
[INFO] 2024-04-17 09:12:02,341 basehttp: "GET /static/admin/js/vendor/jquery/jquery.js HTTP/1.1" 200 285314
[INFO] 2024-04-17 09:12:02,348 basehttp: "GET /static/vendor/bootstrap/js/bootstrap.min.js HTTP/1.1" 200 62440
[INFO] 2024-04-17 09:12:02,411 basehttp: "GET /static/vendor/adminlte/js/adminlte.min.js HTTP/1.1" 200 44244
[INFO] 2024-04-17 09:12:02,518 basehttp: "GET /static/vendor/fontawesome-free/webfonts/fa-solid-900.woff2 HTTP/1.1" 200 78196
[INFO] 2024-04-17 09:12:02,921 basehttp: "GET /static/vendor/adminlte/css/adminlte.min.css HTTP/1.1" 200 1382975
[INFO] 2024-04-17 09:12:03,089 basehttp: "GET /static/vendor/bootstrap/js/bootstrap.min.js HTTP/1.1" 200 62440
[INFO] 2024-04-17 09:12:03,188 basehttp: "GET /static/admin/js/vendor/jquery/jquery.js HTTP/1.1" 200 285314
[ERROR] 2024-04-17 09:12:34,334 basehttp: "POST /admin/login/?next=/admin/ HTTP/1.1" 500 231083
[WARNING] 2024-04-17 09:43:39,221 basehttp: "POST /admin/login/?next=/admin/ HTTP/1.1" 403 2505
[WARNING] 2024-04-17 09:43:40,131 basehttp: "GET /favicon.ico HTTP/1.1" 404 2814
[INFO] 2024-04-17 09:43:44,551 basehttp: "GET /admin/login/ HTTP/1.1" 200 3049
[INFO] 2024-04-17 09:43:44,845 basehttp: "GET /static/vendor/adminlte/css/adminlte.min.css HTTP/1.1" 304 0
[INFO] 2024-04-17 09:43:44,863 basehttp: "GET /static/vendor/fontawesome-free/css/all.min.css HTTP/1.1" 304 0
[INFO] 2024-04-17 09:43:44,901 basehttp: "GET /static/vendor/bootstrap/js/bootstrap.min.js HTTP/1.1" 304 0
[INFO] 2024-04-17 09:43:44,906 basehttp: "GET /static/vendor/adminlte/img/AdminLTELogo.png HTTP/1.1" 304 0
[INFO] 2024-04-17 09:43:44,922 basehttp: "GET /static/jazzmin/css/main.css HTTP/1.1" 304 0
[INFO] 2024-04-17 09:43:44,925 basehttp: "GET /static/admin/js/vendor/jquery/jquery.js HTTP/1.1" 304 0
[INFO] 2024-04-17 09:43:45,007 basehttp: "GET /static/vendor/adminlte/js/adminlte.min.js HTTP/1.1" 304 0
[INFO] 2024-04-17 09:43:45,208 basehttp: "GET /static/vendor/bootstrap/js/bootstrap.min.js HTTP/1.1" 304 0
[INFO] 2024-04-17 09:43:45,314 basehttp: "GET /static/vendor/adminlte/js/adminlte.min.js HTTP/1.1" 304 0
[INFO] 2024-04-17 09:43:45,370 basehttp: "GET /static/admin/js/vendor/jquery/jquery.js HTTP/1.1" 304 0
[INFO] 2024-04-17 09:43:45,382 basehttp: "GET /static/vendor/fontawesome-free/webfonts/fa-solid-900.woff2 HTTP/1.1" 304 0
[ERROR] 2024-04-17 09:44:05,402 basehttp: "POST /admin/login/ HTTP/1.1" 500 230506
[INFO] 2024-04-17 09:45:11,474 basehttp: "GET /admin/login/ HTTP/1.1" 200 3049
[INFO] 2024-04-17 09:45:21,273 basehttp: "POST /admin/login/ HTTP/1.1" 200 3372
[INFO] 2024-04-17 09:45:32,870 basehttp: "POST /admin/login/ HTTP/1.1" 200 3372
[INFO] 2024-04-17 09:45:49,609 basehttp: "POST /admin/login/ HTTP/1.1" 302 0
[WARNING] 2024-04-17 09:45:49,641 basehttp: "GET /accounts/profile/ HTTP/1.1" 404 2832
[WARNING] 2024-04-17 10:01:37,427 basehttp: "GET / HTTP/1.1" 404 2763
[INFO] 2024-04-17 10:01:42,087 basehttp: "GET /admin/ HTTP/1.1" 200 15355
[INFO] 2024-04-17 10:01:42,501 basehttp: "GET /static/vendor/fontawesome-free/css/all.min.css HTTP/1.1" 304 0
[INFO] 2024-04-17 10:01:42,667 basehttp: "GET /static/vendor/adminlte/css/adminlte.min.css HTTP/1.1" 304 0
[INFO] 2024-04-17 10:01:42,822 basehttp: "GET /static/vendor/adminlte/js/adminlte.min.js HTTP/1.1" 304 0
[INFO] 2024-04-17 10:01:42,863 basehttp: "GET /static/jazzmin/css/main.css HTTP/1.1" 304 0
[INFO] 2024-04-17 10:01:42,937 basehttp: "GET /static/admin/js/vendor/jquery/jquery.js HTTP/1.1" 304 0
[INFO] 2024-04-17 10:01:42,969 basehttp: "GET /static/vendor/adminlte/img/AdminLTELogo.png HTTP/1.1" 304 0
[INFO] 2024-04-17 10:01:42,970 basehttp: "GET /static/vendor/bootstrap/js/bootstrap.min.js HTTP/1.1" 304 0
[INFO] 2024-04-17 10:01:42,994 basehttp: "GET /static/jazzmin/js/main.js HTTP/1.1" 200 2391
[INFO] 2024-04-17 10:01:43,609 basehttp: "GET /static/vendor/fontawesome-free/webfonts/fa-regular-400.woff2 HTTP/1.1" 200 13276
[INFO] 2024-04-17 10:01:43,683 basehttp: "GET /static/vendor/fontawesome-free/webfonts/fa-solid-900.woff2 HTTP/1.1" 304 0
[INFO] 2024-04-17 10:01:44,106 basehttp: "GET /static/favicon.ico HTTP/1.1" 200 2238
[INFO] 2024-04-17 12:59:55,654 basehttp: "GET /admin/ HTTP/1.1" 200 15355
[INFO] 2024-04-17 12:59:57,313 basehttp: "GET /static/vendor/adminlte/css/adminlte.min.css HTTP/1.1" 304 0
[INFO] 2024-04-17 12:59:57,328 basehttp: "GET /static/vendor/fontawesome-free/css/all.min.css HTTP/1.1" 304 0
[INFO] 2024-04-17 12:59:57,444 basehttp: "GET /static/vendor/adminlte/img/AdminLTELogo.png HTTP/1.1" 304 0
[INFO] 2024-04-17 12:59:57,500 basehttp: "GET /static/jazzmin/css/main.css HTTP/1.1" 304 0
[INFO] 2024-04-17 12:59:57,532 basehttp: "GET /static/vendor/bootstrap/js/bootstrap.min.js HTTP/1.1" 304 0
[INFO] 2024-04-17 12:59:57,549 basehttp: "GET /static/admin/js/vendor/jquery/jquery.js HTTP/1.1" 304 0
[INFO] 2024-04-17 12:59:58,113 basehttp: "GET /static/vendor/adminlte/js/adminlte.min.js HTTP/1.1" 304 0
[INFO] 2024-04-17 12:59:58,152 basehttp: "GET /static/jazzmin/js/main.js HTTP/1.1" 200 2391
[INFO] 2024-04-17 12:59:58,162 basehttp: "GET /static/vendor/fontawesome-free/webfonts/fa-regular-400.woff2 HTTP/1.1" 200 13276
[INFO] 2024-04-17 12:59:58,197 basehttp: "GET /static/vendor/fontawesome-free/webfonts/fa-solid-900.woff2 HTTP/1.1" 304 0
[INFO] 2024-04-17 12:59:59,364 basehttp: "GET /static/favicon.ico HTTP/1.1" 200 2238
[INFO] 2024-04-17 13:00:08,477 basehttp: "GET /admin/users/user/add/ HTTP/1.1" 200 15990
[INFO] 2024-04-17 13:00:08,671 basehttp: "GET /static/vendor/select2/css/select2.min.css HTTP/1.1" 200 16264
[INFO] 2024-04-17 13:00:08,692 basehttp: "GET /static/admin/js/jquery.init.js HTTP/1.1" 200 347
[INFO] 2024-04-17 13:00:08,748 basehttp: "GET /static/admin/js/core.js HTTP/1.1" 200 6208
[INFO] 2024-04-17 13:00:08,769 basehttp: "GET /static/admin/js/urlify.js HTTP/1.1" 200 7887
[INFO] 2024-04-17 13:00:08,777 basehttp: "GET /static/admin/js/prepopulate.js HTTP/1.1" 200 1531
[INFO] 2024-04-17 13:00:08,784 basehttp: "GET /static/admin/js/actions.js HTTP/1.1" 200 8067
[INFO] 2024-04-17 13:00:08,797 basehttp: "GET /admin/jsi18n/ HTTP/1.1" 200 3342
[INFO] 2024-04-17 13:00:08,861 basehttp: "GET /static/admin/js/change_form.js HTTP/1.1" 200 606
[INFO] 2024-04-17 13:00:08,887 basehttp: "GET /static/admin/js/admin/RelatedObjectLookups.js HTTP/1.1" 200 9042
[INFO] 2024-04-17 13:00:08,882 basehttp: "GET /static/admin/js/prepopulate_init.js HTTP/1.1" 200 586
[INFO] 2024-04-17 13:00:08,944 basehttp: "GET /static/jazzmin/js/change_form.js HTTP/1.1" 200 6052
[INFO] 2024-04-17 13:00:08,948 basehttp: "GET /static/admin/js/vendor/xregexp/xregexp.js HTTP/1.1" 200 325171
[INFO] 2024-04-17 13:00:08,953 basehttp: "GET /static/vendor/select2/js/select2.min.js HTTP/1.1" 200 73170
[INFO] 2024-04-17 13:00:31,055 basehttp: "GET /admin/ HTTP/1.1" 200 15355
[INFO] 2024-04-17 13:02:15,510 basehttp: "GET /admin/users/user/ HTTP/1.1" 200 18393
[INFO] 2024-04-17 13:02:15,815 basehttp: "GET /static/jazzmin/js/change_list.js HTTP/1.1" 200 2252
[INFO] 2024-04-17 13:02:15,829 basehttp: "GET /static/admin/img/icon-yes.svg HTTP/1.1" 200 436
[INFO] 2024-04-17 13:02:15,893 basehttp: "GET /admin/jsi18n/ HTTP/1.1" 200 3342
[INFO] 2024-04-17 13:02:19,022 basehttp: "GET /admin/users/groupproxy/ HTTP/1.1" 200 12318
[INFO] 2024-04-17 13:02:19,336 basehttp: "GET /admin/jsi18n/ HTTP/1.1" 200 3342
[INFO] 2024-04-17 13:02:25,939 basehttp: "GET /admin/users/permissionproxy/ HTTP/1.1" 200 34664
[INFO] 2024-04-17 13:02:26,162 basehttp: "GET /admin/jsi18n/ HTTP/1.1" 200 3342
[INFO] 2024-04-17 13:04:21,201 basehttp: "GET /admin/users/user/ HTTP/1.1" 200 18393
[INFO] 2024-04-17 13:04:21,511 basehttp: "GET /admin/jsi18n/ HTTP/1.1" 200 3342
[INFO] 2024-04-17 13:04:23,342 basehttp: "GET /admin/users/user/add/ HTTP/1.1" 200 15990
[INFO] 2024-04-17 13:04:23,574 basehttp: "GET /admin/jsi18n/ HTTP/1.1" 200 3342
[WARNING] 2024-04-17 13:06:18,845 basehttp: "GET /users HTTP/1.1" 404 2796
[WARNING] 2024-04-17 13:06:19,169 basehttp: "GET /favicon.ico HTTP/1.1" 404 2814
[INFO] 2024-04-17 13:06:21,380 basehttp: "GET /admin/users/user/add/ HTTP/1.1" 200 15990
[INFO] 2024-04-17 13:06:32,681 basehttp: "GET /admin/users HTTP/1.1" 301 0
[ERROR] 2024-04-17 13:06:32,911 basehttp: "GET /admin/users/ HTTP/1.1" 500 87142
[INFO] 2024-04-17 13:06:38,228 basehttp: "GET /admin/users/user/add/ HTTP/1.1" 200 15990
[INFO] 2024-04-17 13:06:39,638 basehttp: "GET /admin/users/user/ HTTP/1.1" 200 18393
[INFO] 2024-04-17 13:06:43,119 basehttp: "GET /admin/users/permissionproxy/ HTTP/1.1" 200 34664
[INFO] 2024-04-17 13:10:19,507 basehttp: "GET /admin/users/user/be2ba3ae-6ba6-4d76-a4cb-2bdb991da012/change/ HTTP/1.1" 200 31049
[INFO] 2024-04-17 13:10:19,867 basehttp: "GET /static/admin/js/SelectBox.js HTTP/1.1" 200 4530
[INFO] 2024-04-17 13:10:19,898 basehttp: "GET /static/admin/js/SelectFilter2.js HTTP/1.1" 200 15492
[INFO] 2024-04-17 13:10:19,972 basehttp: "GET /admin/jsi18n/ HTTP/1.1" 200 3342
[INFO] 2024-04-17 13:10:45,592 basehttp: "GET /admin/ HTTP/1.1" 200 15355
[INFO] 2024-04-17 13:11:01,249 basehttp: "GET /admin/workflow/testmodel/ HTTP/1.1" 200 12692
[INFO] 2024-04-17 13:11:01,501 basehttp: "GET /static/modeltranslation/css/tabbed_translation_fields.css HTTP/1.1" 200 4250
[INFO] 2024-04-17 13:11:01,520 basehttp: "GET /static/modeltranslation/js/tabbed_translation_fields.js HTTP/1.1" 200 18984
[INFO] 2024-04-17 13:11:01,541 basehttp: "GET /static/modeltranslation/js/force_jquery.js HTTP/1.1" 200 65
[INFO] 2024-04-17 13:11:01,585 basehttp: "GET /admin/jsi18n/ HTTP/1.1" 200 3342
[INFO] 2024-04-17 13:19:53,745 basehttp: "GET /admin/users/user/ HTTP/1.1" 200 18393
[INFO] 2024-04-17 13:19:54,606 basehttp: "GET /admin/jsi18n/ HTTP/1.1" 200 3342
[INFO] 2024-04-17 13:19:58,927 basehttp: "GET /admin/workflow/testmodel/ HTTP/1.1" 200 12692
[INFO] 2024-04-17 13:19:59,213 basehttp: "GET /admin/jsi18n/ HTTP/1.1" 200 3342
[ERROR] 2024-04-17 13:20:47,286 basehttp: "GET /admin/workflow/ HTTP/1.1" 500 87384
[INFO] 2024-04-17 13:20:49,605 basehttp: "GET /admin/workflow/testmodel/ HTTP/1.1" 200 12692
[INFO] 2024-04-17 13:21:59,407 basehttp: "GET /admin/workflow/testmodel/ HTTP/1.1" 200 12692
[INFO] 2024-04-17 13:22:16,472 basehttp: "GET /admin/jsi18n/ HTTP/1.1" 200 3342
[INFO] 2024-04-17 13:23:23,625 basehttp: "GET /admin/ HTTP/1.1" 200 15355
[INFO] 2024-04-17 13:23:25,254 basehttp: "GET /static/vendor/adminlte/img/AdminLTELogo.png HTTP/1.1" 304 0
[INFO] 2024-04-17 13:23:25,298 basehttp: "GET /static/vendor/fontawesome-free/css/all.min.css HTTP/1.1" 304 0
[INFO] 2024-04-17 13:23:25,301 basehttp: "GET /static/vendor/adminlte/js/adminlte.min.js HTTP/1.1" 304 0
[INFO] 2024-04-17 13:23:25,329 basehttp: "GET /static/vendor/adminlte/css/adminlte.min.css HTTP/1.1" 304 0
[INFO] 2024-04-17 13:23:25,332 basehttp: "GET /static/jazzmin/js/main.js HTTP/1.1" 304 0
[INFO] 2024-04-17 13:23:25,334 basehttp: "GET /static/vendor/bootstrap/js/bootstrap.min.js HTTP/1.1" 304 0
[INFO] 2024-04-17 13:23:25,359 basehttp: "GET /static/jazzmin/css/main.css HTTP/1.1" 304 0
[INFO] 2024-04-17 13:23:25,367 basehttp: "GET /static/admin/js/vendor/jquery/jquery.js HTTP/1.1" 304 0
[INFO] 2024-04-17 13:23:25,833 basehttp: "GET /static/vendor/fontawesome-free/webfonts/fa-regular-400.woff2 HTTP/1.1" 304 0
[INFO] 2024-04-17 13:23:25,833 basehttp: "GET /static/vendor/fontawesome-free/webfonts/fa-solid-900.woff2 HTTP/1.1" 304 0
[INFO] 2024-04-17 13:44:50,485 basehttp: "GET /admin/ HTTP/1.1" 200 17604
[INFO] 2024-04-17 13:45:10,392 basehttp: "GET /admin/jobs/jobsmodel/ HTTP/1.1" 200 12957
[INFO] 2024-04-17 13:45:10,672 basehttp: "GET /static/vendor/select2/css/select2.min.css HTTP/1.1" 304 0
[INFO] 2024-04-17 13:45:10,752 basehttp: "GET /static/admin/js/urlify.js HTTP/1.1" 304 0
[INFO] 2024-04-17 13:45:10,765 basehttp: "GET /static/admin/js/core.js HTTP/1.1" 304 0
[INFO] 2024-04-17 13:45:10,768 basehttp: "GET /static/admin/js/admin/RelatedObjectLookups.js HTTP/1.1" 304 0
[INFO] 2024-04-17 13:45:10,788 basehttp: "GET /static/admin/js/actions.js HTTP/1.1" 304 0
[INFO] 2024-04-17 13:45:10,793 basehttp: "GET /static/admin/js/prepopulate.js HTTP/1.1" 304 0
[INFO] 2024-04-17 13:45:10,796 basehttp: "GET /static/admin/js/vendor/xregexp/xregexp.js HTTP/1.1" 304 0
[INFO] 2024-04-17 13:45:10,804 basehttp: "GET /static/admin/js/jquery.init.js HTTP/1.1" 304 0
[INFO] 2024-04-17 13:45:10,805 basehttp: "GET /admin/jsi18n/ HTTP/1.1" 200 3342
[INFO] 2024-04-17 13:45:10,836 basehttp: "GET /static/vendor/select2/js/select2.min.js HTTP/1.1" 304 0
[INFO] 2024-04-17 13:45:10,858 basehttp: "GET /static/jazzmin/js/change_list.js HTTP/1.1" 304 0
[INFO] 2024-04-17 13:45:15,533 basehttp: "GET /admin/jobs/jobsmodel/add/ HTTP/1.1" 200 27505
[INFO] 2024-04-17 13:45:15,740 basehttp: "GET /static/admin/js/change_form.js HTTP/1.1" 304 0
[INFO] 2024-04-17 13:45:15,822 basehttp: "GET /admin/jsi18n/ HTTP/1.1" 200 3342
[INFO] 2024-04-17 13:45:15,833 basehttp: "GET /static/jazzmin/js/change_form.js HTTP/1.1" 304 0
[INFO] 2024-04-17 13:45:15,851 basehttp: "GET /static/admin/js/prepopulate_init.js HTTP/1.1" 304 0
[INFO] 2024-04-17 13:45:33,234 basehttp: "GET /admin/jobs/jobsmodel/ HTTP/1.1" 200 12957
[INFO] 2024-04-17 13:45:33,455 basehttp: "GET /admin/jsi18n/ HTTP/1.1" 200 3342
[INFO] 2024-04-17 13:46:03,162 basehttp: "GET /admin/jobs/jobsmodel/add/ HTTP/1.1" 200 27505
[INFO] 2024-04-17 13:46:03,478 basehttp: "GET /admin/jsi18n/ HTTP/1.1" 200 3342
[INFO] 2024-04-17 13:47:23,774 basehttp: "GET /admin/jobs/jobsmodel/add/ HTTP/1.1" 200 26439
[INFO] 2024-04-17 13:47:24,153 basehttp: "GET /static/modeltranslation/css/tabbed_translation_fields.css HTTP/1.1" 304 0
[INFO] 2024-04-17 13:47:24,173 basehttp: "GET /static/modeltranslation/js/tabbed_translation_fields.js HTTP/1.1" 304 0
[INFO] 2024-04-17 13:47:24,205 basehttp: "GET /static/modeltranslation/js/force_jquery.js HTTP/1.1" 304 0
[INFO] 2024-04-17 13:47:24,246 basehttp: "GET /admin/jsi18n/ HTTP/1.1" 200 3342
[INFO] 2024-04-17 13:50:39,342 basehttp: "GET /admin/jobs/jobsmodel/add/ HTTP/1.1" 200 26439
[INFO] 2024-04-17 13:50:39,718 basehttp: "GET /static/vendor/fontawesome-free/css/all.min.css HTTP/1.1" 304 0
[INFO] 2024-04-17 13:50:39,727 basehttp: "GET /static/vendor/adminlte/css/adminlte.min.css HTTP/1.1" 304 0
[INFO] 2024-04-17 13:50:39,751 basehttp: "GET /static/jazzmin/css/main.css HTTP/1.1" 304 0
[INFO] 2024-04-17 13:50:39,790 basehttp: "GET /static/admin/js/vendor/jquery/jquery.js HTTP/1.1" 304 0
[INFO] 2024-04-17 13:50:39,930 basehttp: "GET /static/vendor/bootstrap/js/bootstrap.min.js HTTP/1.1" 304 0
[INFO] 2024-04-17 13:50:39,930 basehttp: "GET /static/vendor/adminlte/img/AdminLTELogo.png HTTP/1.1" 304 0
[INFO] 2024-04-17 13:50:39,975 basehttp: "GET /admin/jsi18n/ HTTP/1.1" 200 3342
[INFO] 2024-04-17 13:50:40,006 basehttp: "GET /static/vendor/adminlte/js/adminlte.min.js HTTP/1.1" 304 0
[INFO] 2024-04-17 13:50:40,008 basehttp: "GET /static/jazzmin/js/main.js HTTP/1.1" 304 0
[INFO] 2024-04-17 13:50:40,286 basehttp: "GET /static/vendor/fontawesome-free/webfonts/fa-solid-900.woff2 HTTP/1.1" 304 0
[INFO] 2024-04-17 13:50:40,289 basehttp: "GET /static/vendor/fontawesome-free/webfonts/fa-regular-400.woff2 HTTP/1.1" 304 0
[ERROR] 2024-04-17 13:53:00,681 basehttp: "GET /admin/jobs/jobsmodel/add/ HTTP/1.1" 500 153140
[ERROR] 2024-04-17 13:53:46,383 basehttp: "GET /admin/jobs/jobsmodel/add/ HTTP/1.1" 500 148199
[ERROR] 2024-04-17 13:54:09,676 basehttp: "GET /admin/jobs/jobsmodel/add/ HTTP/1.1" 500 148199
[INFO] 2024-04-17 13:54:17,937 basehttp: "GET /admin/jobs/jobsmodel/add/ HTTP/1.1" 200 22187
[INFO] 2024-04-17 13:54:18,467 basehttp: "GET /admin/jsi18n/ HTTP/1.1" 200 3342
[INFO] 2024-04-17 13:54:51,311 basehttp: "GET /admin/jobs/jobsmodel/add/ HTTP/1.1" 200 27855
[INFO] 2024-04-17 13:54:53,037 basehttp: "GET /admin/jsi18n/ HTTP/1.1" 200 3342
[INFO] 2024-04-17 13:55:50,654 basehttp: "POST /admin/jobs/jobsmodel/add/ HTTP/1.1" 302 0
[INFO] 2024-04-17 13:55:50,924 basehttp: "GET /admin/jobs/jobsmodel/ HTTP/1.1" 200 17413
[INFO] 2024-04-17 13:55:51,199 basehttp: "GET /admin/jsi18n/ HTTP/1.1" 200 3342
[INFO] 2024-04-17 13:55:51,219 basehttp: "GET /static/admin/img/icon-yes.svg HTTP/1.1" 304 0
[INFO] 2024-04-17 13:56:07,229 basehttp: "GET /admin/jobs/jobsmodel/ HTTP/1.1" 200 16753
[INFO] 2024-04-17 13:56:07,458 basehttp: "GET /admin/jsi18n/ HTTP/1.1" 200 3342
[INFO] 2024-04-17 13:56:44,876 basehttp: "GET /admin/jobs/jobsmodel/6e6c33a2-00df-44a8-bb7e-340d8c256dcd/change/ HTTP/1.1" 200 28687
[INFO] 2024-04-17 13:56:45,222 basehttp: "GET /admin/jsi18n/ HTTP/1.1" 200 3342
[INFO] 2024-04-17 13:56:46,865 basehttp: "GET /admin/jobs/jobsmodel/ HTTP/1.1" 200 16753
[INFO] 2024-04-17 13:56:47,178 basehttp: "GET /admin/jsi18n/ HTTP/1.1" 200 3342
[INFO] 2024-04-17 13:56:49,308 basehttp: "GET /admin/jobs/jobsmodel/add/ HTTP/1.1" 200 27855
[INFO] 2024-04-17 13:56:49,629 basehttp: "GET /admin/jsi18n/ HTTP/1.1" 200 3342
[INFO] 2024-04-17 13:58:30,767 basehttp: "GET /admin/jobs/jobsmodel/add/ HTTP/1.1" 200 27840
[INFO] 2024-04-17 13:58:31,045 basehttp: "GET /admin/jsi18n/ HTTP/1.1" 200 3342
[INFO] 2024-04-17 14:05:03,327 basehttp: "GET /admin/jobs/jobsmodel/add/ HTTP/1.1" 200 27840
[INFO] 2024-04-17 14:05:04,200 basehttp: "GET /admin/jsi18n/ HTTP/1.1" 200 3342
[WARNING] 2024-04-17 14:06:09,447 basehttp: "GET /api/ HTTP/1.1" 404 2898
[INFO] 2024-04-17 14:06:14,357 basehttp: "GET /schema/swagger HTTP/1.1" 301 0
[INFO] 2024-04-17 14:06:14,579 basehttp: "GET /schema/swagger/ HTTP/1.1" 200 4645
[INFO] 2024-04-17 14:06:15,568 basehttp: "GET /schema/ HTTP/1.1" 200 23429
[INFO] 2024-04-17 14:10:17,820 basehttp: "GET /admin/jobs/jobsmodel/ HTTP/1.1" 200 16753
[INFO] 2024-04-17 14:10:18,308 basehttp: "GET /admin/jsi18n/ HTTP/1.1" 200 3342
[INFO] 2024-04-17 14:33:59,678 basehttp: "GET /schema/swagger/ HTTP/1.1" 200 4645
[INFO] 2024-04-17 14:34:00,292 basehttp: "GET /schema/ HTTP/1.1" 200 23429
[INFO] 2024-04-17 14:37:54,946 basehttp: "GET /admin/jobs/jobsmodel/ HTTP/1.1" 200 16753
[INFO] 2024-04-17 14:37:55,303 basehttp: "GET /static/vendor/fontawesome-free/css/all.min.css HTTP/1.1" 304 0
[INFO] 2024-04-17 14:37:55,308 basehttp: "GET /static/vendor/adminlte/css/adminlte.min.css HTTP/1.1" 304 0
[INFO] 2024-04-17 14:37:55,326 basehttp: "GET /static/jazzmin/css/main.css HTTP/1.1" 304 0
[INFO] 2024-04-17 14:37:55,341 basehttp: "GET /static/admin/js/vendor/jquery/jquery.js HTTP/1.1" 304 0
[INFO] 2024-04-17 14:37:55,359 basehttp: "GET /static/vendor/select2/css/select2.min.css HTTP/1.1" 304 0
[INFO] 2024-04-17 14:37:55,366 basehttp: "GET /static/admin/js/jquery.init.js HTTP/1.1" 304 0
[INFO] 2024-04-17 14:37:55,377 basehttp: "GET /static/modeltranslation/css/tabbed_translation_fields.css HTTP/1.1" 304 0
[INFO] 2024-04-17 14:37:55,364 basehttp: "GET /static/admin/js/core.js HTTP/1.1" 304 0
[INFO] 2024-04-17 14:37:55,380 basehttp: "GET /static/modeltranslation/js/force_jquery.js HTTP/1.1" 304 0
[INFO] 2024-04-17 14:37:55,393 basehttp: "GET /static/admin/js/actions.js HTTP/1.1" 304 0
[INFO] 2024-04-17 14:37:55,393 basehttp: "GET /static/modeltranslation/js/tabbed_translation_fields.js HTTP/1.1" 304 0
[INFO] 2024-04-17 14:37:55,406 basehttp: "GET /static/admin/js/admin/RelatedObjectLookups.js HTTP/1.1" 304 0
[INFO] 2024-04-17 14:37:55,420 basehttp: "GET /static/admin/js/urlify.js HTTP/1.1" 304 0
[INFO] 2024-04-17 14:37:55,438 basehttp: "GET /static/admin/js/prepopulate.js HTTP/1.1" 304 0
[INFO] 2024-04-17 14:37:55,444 basehttp: "GET /static/admin/js/vendor/xregexp/xregexp.js HTTP/1.1" 304 0
[INFO] 2024-04-17 14:37:55,475 basehttp: "GET /static/vendor/adminlte/img/AdminLTELogo.png HTTP/1.1" 304 0
[INFO] 2024-04-17 14:37:55,489 basehttp: "GET /static/admin/img/icon-yes.svg HTTP/1.1" 304 0
[INFO] 2024-04-17 14:37:55,505 basehttp: "GET /admin/jsi18n/ HTTP/1.1" 200 3342
[INFO] 2024-04-17 14:37:55,610 basehttp: "GET /static/vendor/select2/js/select2.min.js HTTP/1.1" 304 0
[INFO] 2024-04-17 14:37:55,614 basehttp: "GET /static/jazzmin/js/change_list.js HTTP/1.1" 304 0
[INFO] 2024-04-17 14:37:55,618 basehttp: "GET /static/vendor/bootstrap/js/bootstrap.min.js HTTP/1.1" 304 0
[INFO] 2024-04-17 14:37:55,628 basehttp: "GET /static/vendor/adminlte/js/adminlte.min.js HTTP/1.1" 304 0
[INFO] 2024-04-17 14:37:55,632 basehttp: "GET /static/jazzmin/js/main.js HTTP/1.1" 304 0
[INFO] 2024-04-17 14:37:55,869 basehttp: "GET /static/vendor/fontawesome-free/webfonts/fa-regular-400.woff2 HTTP/1.1" 304 0
[INFO] 2024-04-17 14:37:55,872 basehttp: "GET /static/vendor/fontawesome-free/webfonts/fa-solid-900.woff2 HTTP/1.1" 304 0
[INFO] 2024-04-17 14:38:00,863 basehttp: "GET /admin/jobs/jobsmodel/ HTTP/1.1" 200 16753
[INFO] 2024-04-17 14:38:01,030 basehttp: "GET /admin/jsi18n/ HTTP/1.1" 200 3342
