[INFO] 2024-02-22 14:16:27,942 basehttp: "GET /admin HTTP/1.1" 301 0
[INFO] 2024-02-22 14:16:27,972 basehttp: "GET /admin/ HTTP/1.1" 302 0
[INFO] 2024-02-22 14:16:28,051 basehttp: "GET /admin/login/?next=/admin/ HTTP/1.1" 200 2409
[INFO] 2024-02-22 14:16:28,079 basehttp: "GET /static/admin/css/base.css HTTP/1.1" 200 20344
[INFO] 2024-02-22 14:16:28,102 basehttp: "GET /static/admin/css/nav_sidebar.css HTTP/1.1" 200 2619
[INFO] 2024-02-22 14:16:28,105 basehttp: "GET /static/admin/css/login.css HTTP/1.1" 200 958
[INFO] 2024-02-22 14:16:28,107 basehttp: "GET /static/admin/css/fonts.css HTTP/1.1" 200 423
[INFO] 2024-02-22 14:16:28,111 basehttp: "GET /static/admin/css/responsive.css HTTP/1.1" 200 18854
[INFO] 2024-02-22 14:16:28,120 basehttp: "GET /static/admin/css/dark_mode.css HTTP/1.1" 200 796
[INFO] 2024-02-22 14:16:28,121 basehttp: "GET /static/admin/js/nav_sidebar.js HTTP/1.1" 200 3763
[INFO] 2024-02-22 14:16:28,182 basehttp: "GET /static/admin/fonts/Roboto-Regular-webfont.woff HTTP/1.1" 200 85876
[INFO] 2024-02-22 14:16:28,186 basehttp: "GET /static/admin/fonts/Roboto-Light-webfont.woff HTTP/1.1" 200 85692
[INFO] 2024-02-22 14:16:28,235 basehttp: "GET /static/favicon.ico HTTP/1.1" 200 2238
[INFO] 2024-02-22 14:16:33,495 basehttp: "POST /admin/login/?next=/admin/ HTTP/1.1" 302 0
[INFO] 2024-02-22 14:16:33,534 basehttp: "GET /admin/ HTTP/1.1" 200 4880
[INFO] 2024-02-22 14:16:33,557 basehttp: "GET /static/admin/css/dashboard.css HTTP/1.1" 200 380
[INFO] 2024-02-22 14:16:33,608 basehttp: "GET /static/admin/img/icon-addlink.svg HTTP/1.1" 200 331
[INFO] 2024-02-22 14:16:33,608 basehttp: "GET /static/admin/img/icon-changelink.svg HTTP/1.1" 200 380
[INFO] 2024-02-22 14:16:33,620 basehttp: "GET /static/admin/fonts/Roboto-Bold-webfont.woff HTTP/1.1" 200 86184
[INFO] 2024-02-22 14:16:35,769 basehttp: "GET /admin/workflow/testmodel/ HTTP/1.1" 200 5920
[INFO] 2024-02-22 14:16:35,787 basehttp: "GET /static/admin/css/changelists.css HTTP/1.1" 200 6395
[INFO] 2024-02-22 14:16:35,794 basehttp: "GET /static/admin/js/vendor/jquery/jquery.js HTTP/1.1" 200 288580
[INFO] 2024-02-22 14:16:35,795 basehttp: "GET /static/admin/js/jquery.init.js HTTP/1.1" 200 347
[INFO] 2024-02-22 14:16:35,806 basehttp: "GET /static/admin/js/urlify.js HTTP/1.1" 200 7902
[INFO] 2024-02-22 14:16:35,797 basehttp: "GET /static/admin/js/core.js HTTP/1.1" 200 5698
[INFO] 2024-02-22 14:16:35,799 basehttp: "GET /static/admin/js/admin/RelatedObjectLookups.js HTTP/1.1" 200 8985
[INFO] 2024-02-22 14:16:35,797 basehttp: "GET /static/admin/js/actions.js HTTP/1.1" 200 7872
[INFO] 2024-02-22 14:16:35,815 basehttp: "GET /static/admin/js/prepopulate.js HTTP/1.1" 200 1531
[INFO] 2024-02-22 14:16:35,817 basehttp: "GET /static/admin/js/vendor/xregexp/xregexp.js HTTP/1.1" 200 232381
[INFO] 2024-02-22 14:16:35,821 basehttp: "GET /admin/jsi18n/ HTTP/1.1" 200 3343
[INFO] 2024-02-22 14:16:35,828 basehttp: "GET /static/admin/js/filters.js HTTP/1.1" 200 966
[INFO] 2024-02-22 14:16:35,850 basehttp: "GET /static/admin/img/tooltag-add.svg HTTP/1.1" 200 331
[INFO] 2024-02-22 14:16:36,852 basehttp: "GET /admin/workflow/testmodel/add/ HTTP/1.1" 200 7142
[INFO] 2024-02-22 14:16:36,878 basehttp: "GET /static/admin/css/forms.css HTTP/1.1" 200 8944
[INFO] 2024-02-22 14:16:36,886 basehttp: "GET /static/admin/js/prepopulate_init.js HTTP/1.1" 200 586
[INFO] 2024-02-22 14:16:36,902 basehttp: "GET /admin/jsi18n/ HTTP/1.1" 200 3343
[INFO] 2024-02-22 14:16:36,910 basehttp: "GET /static/admin/js/change_form.js HTTP/1.1" 200 606
[INFO] 2024-02-22 14:16:36,924 basehttp: "GET /static/admin/css/widgets.css HTTP/1.1" 200 11297
[INFO] 2024-02-22 14:16:38,983 basehttp: "POST /admin/workflow/testmodel/add/ HTTP/1.1" 302 0
[INFO] 2024-02-22 14:16:39,039 basehttp: "GET /admin/workflow/testmodel/ HTTP/1.1" 200 7618
[INFO] 2024-02-22 14:16:39,075 basehttp: "GET /admin/jsi18n/ HTTP/1.1" 200 3343
[INFO] 2024-02-22 14:16:39,091 basehttp: "GET /static/admin/img/icon-yes.svg HTTP/1.1" 200 436
[INFO] 2024-02-22 14:16:41,329 basehttp: "GET /admin/workflow/testmodel/bfb125d6-315b-44f3-b35b-c3aa03842544/change/ HTTP/1.1" 200 7491
[INFO] 2024-02-22 14:16:41,348 basehttp: "GET /static/admin/css/base.css HTTP/1.1" 304 0
[INFO] 2024-02-22 14:16:41,354 basehttp: "GET /static/admin/css/nav_sidebar.css HTTP/1.1" 304 0
[INFO] 2024-02-22 14:16:41,355 basehttp: "GET /static/admin/css/responsive.css HTTP/1.1" 304 0
[INFO] 2024-02-22 14:16:41,355 basehttp: "GET /static/admin/css/dark_mode.css HTTP/1.1" 304 0
[INFO] 2024-02-22 14:16:41,370 basehttp: "GET /admin/jsi18n/ HTTP/1.1" 200 3343
[INFO] 2024-02-22 14:16:41,375 basehttp: "GET /static/admin/js/nav_sidebar.js HTTP/1.1" 304 0
[INFO] 2024-02-22 14:16:41,395 basehttp: "GET /static/admin/css/fonts.css HTTP/1.1" 304 0
[INFO] 2024-02-22 14:16:41,456 basehttp: "GET /static/admin/fonts/Roboto-Regular-webfont.woff HTTP/1.1" 304 0
[INFO] 2024-02-22 14:16:41,459 basehttp: "GET /static/admin/fonts/Roboto-Light-webfont.woff HTTP/1.1" 304 0
[INFO] 2024-02-22 14:16:43,546 basehttp: "GET /admin/workflow/testmodel/ HTTP/1.1" 200 7368
[INFO] 2024-02-22 14:16:43,575 basehttp: "GET /admin/jsi18n/ HTTP/1.1" 200 3343
[INFO] 2024-02-22 14:16:50,561 basehttp: "GET /schema/swagger HTTP/1.1" 301 0
[INFO] 2024-02-22 14:16:50,591 basehttp: "GET /schema/swagger/ HTTP/1.1" 200 4267
[INFO] 2024-02-22 14:16:51,059 basehttp: "GET /schema/ HTTP/1.1" 200 21076
[INFO] 2024-02-22 14:16:59,252 basehttp: "GET /schema/ HTTP/1.1" 200 21076
[INFO] 2024-02-22 14:17:00,370 basehttp: "GET /admin/workflow/testmodel/ HTTP/1.1" 200 7368
[INFO] 2024-02-22 14:17:00,392 basehttp: "GET /static/admin/css/base.css HTTP/1.1" 304 0
[INFO] 2024-02-22 14:17:00,399 basehttp: "GET /static/admin/css/nav_sidebar.css HTTP/1.1" 304 0
[INFO] 2024-02-22 14:17:00,399 basehttp: "GET /static/admin/js/vendor/jquery/jquery.js HTTP/1.1" 304 0
[INFO] 2024-02-22 14:17:00,399 basehttp: "GET /static/admin/css/changelists.css HTTP/1.1" 304 0
[INFO] 2024-02-22 14:17:00,400 basehttp: "GET /static/admin/css/dark_mode.css HTTP/1.1" 304 0
[INFO] 2024-02-22 14:17:00,402 basehttp: "GET /static/admin/css/responsive.css HTTP/1.1" 304 0
[INFO] 2024-02-22 14:17:00,406 basehttp: "GET /static/admin/js/core.js HTTP/1.1" 304 0
[INFO] 2024-02-22 14:17:00,407 basehttp: "GET /static/admin/js/jquery.init.js HTTP/1.1" 304 0
[INFO] 2024-02-22 14:17:00,409 basehttp: "GET /static/admin/js/admin/RelatedObjectLookups.js HTTP/1.1" 304 0
[INFO] 2024-02-22 14:17:00,416 basehttp: "GET /admin/jsi18n/ HTTP/1.1" 200 3343
[INFO] 2024-02-22 14:17:00,420 basehttp: "GET /static/admin/js/actions.js HTTP/1.1" 304 0
[INFO] 2024-02-22 14:17:00,453 basehttp: "GET /static/admin/js/urlify.js HTTP/1.1" 304 0
[INFO] 2024-02-22 14:17:00,453 basehttp: "GET /static/admin/js/prepopulate.js HTTP/1.1" 304 0
[INFO] 2024-02-22 14:17:00,463 basehttp: "GET /static/admin/css/fonts.css HTTP/1.1" 304 0
[INFO] 2024-02-22 14:17:00,465 basehttp: "GET /static/admin/js/vendor/xregexp/xregexp.js HTTP/1.1" 304 0
[INFO] 2024-02-22 14:17:00,517 basehttp: "GET /static/admin/js/nav_sidebar.js HTTP/1.1" 304 0
[INFO] 2024-02-22 14:17:00,525 basehttp: "GET /static/admin/js/filters.js HTTP/1.1" 304 0
[INFO] 2024-02-22 14:17:00,535 basehttp: "GET /static/admin/img/tooltag-add.svg HTTP/1.1" 304 0
[INFO] 2024-02-22 14:17:00,535 basehttp: "GET /static/admin/img/icon-addlink.svg HTTP/1.1" 304 0
[INFO] 2024-02-22 14:17:00,542 basehttp: "GET /static/admin/fonts/Roboto-Regular-webfont.woff HTTP/1.1" 304 0
[INFO] 2024-02-22 14:17:00,543 basehttp: "GET /static/admin/fonts/Roboto-Light-webfont.woff HTTP/1.1" 304 0
[INFO] 2024-02-22 14:17:00,545 basehttp: "GET /static/admin/fonts/Roboto-Bold-webfont.woff HTTP/1.1" 304 0
[INFO] 2024-02-22 14:17:00,813 basehttp: "GET /admin/workflow/testmodel/bfb125d6-315b-44f3-b35b-c3aa03842544/change/ HTTP/1.1" 200 7491
[INFO] 2024-02-22 14:17:00,832 basehttp: "GET /static/admin/css/forms.css HTTP/1.1" 304 0
[INFO] 2024-02-22 14:17:00,832 basehttp: "GET /static/admin/js/prepopulate_init.js HTTP/1.1" 304 0
[INFO] 2024-02-22 14:17:00,845 basehttp: "GET /admin/jsi18n/ HTTP/1.1" 200 3343
[INFO] 2024-02-22 14:17:00,850 basehttp: "GET /static/admin/js/change_form.js HTTP/1.1" 304 0
[INFO] 2024-02-22 14:17:00,884 basehttp: "GET /static/admin/css/widgets.css HTTP/1.1" 304 0
[INFO] 2024-02-22 14:17:01,479 basehttp: "GET /admin/workflow/testmodel/ HTTP/1.1" 200 7368
[ERROR] 2024-02-22 14:17:03,886 basehttp: "GET /workflow/test-view/ HTTP/1.1" 500 16250
[ERROR] 2024-02-22 14:17:48,079 basehttp: "GET /workflow/test-view/ HTTP/1.1" 500 16250
[INFO] 2024-02-22 14:18:25,642 basehttp: "GET /schema/swagger/ HTTP/1.1" 200 4267
[INFO] 2024-02-22 14:18:26,350 basehttp: "GET /schema/ HTTP/1.1" 200 21214
[INFO] 2024-02-22 14:18:31,948 basehttp: "GET /workflow/test-view/ HTTP/1.1" 200 65
[INFO] 2024-02-22 14:18:37,111 basehttp: "GET /workflow/test-view/ HTTP/1.1" 200 65
[INFO] 2024-02-22 14:19:16,392 basehttp: "GET /admin/workflow/testmodel/ HTTP/1.1" 200 7368
[INFO] 2024-02-22 14:19:16,407 basehttp: "GET /static/admin/css/base.css HTTP/1.1" 304 0
[INFO] 2024-02-22 14:19:16,416 basehttp: "GET /static/admin/css/dark_mode.css HTTP/1.1" 304 0
[INFO] 2024-02-22 14:19:16,416 basehttp: "GET /static/admin/css/nav_sidebar.css HTTP/1.1" 304 0
[INFO] 2024-02-22 14:19:16,419 basehttp: "GET /static/admin/css/changelists.css HTTP/1.1" 304 0
[INFO] 2024-02-22 14:19:16,423 basehttp: "GET /static/admin/js/jquery.init.js HTTP/1.1" 304 0
[INFO] 2024-02-22 14:19:16,426 basehttp: "GET /static/admin/css/responsive.css HTTP/1.1" 304 0
[INFO] 2024-02-22 14:19:16,428 basehttp: "GET /static/admin/js/core.js HTTP/1.1" 304 0
[INFO] 2024-02-22 14:19:16,428 basehttp: "GET /static/admin/js/vendor/jquery/jquery.js HTTP/1.1" 304 0
[INFO] 2024-02-22 14:19:16,430 basehttp: "GET /static/admin/js/admin/RelatedObjectLookups.js HTTP/1.1" 304 0
[INFO] 2024-02-22 14:19:16,440 basehttp: "GET /admin/jsi18n/ HTTP/1.1" 200 3343
[INFO] 2024-02-22 14:19:16,442 basehttp: "GET /static/admin/js/actions.js HTTP/1.1" 304 0
[INFO] 2024-02-22 14:19:16,463 basehttp: "GET /static/admin/js/urlify.js HTTP/1.1" 304 0
[INFO] 2024-02-22 14:19:16,475 basehttp: "GET /static/admin/css/fonts.css HTTP/1.1" 304 0
[INFO] 2024-02-22 14:19:16,475 basehttp: "GET /static/admin/js/vendor/xregexp/xregexp.js HTTP/1.1" 304 0
[INFO] 2024-02-22 14:19:16,475 basehttp: "GET /static/admin/js/prepopulate.js HTTP/1.1" 304 0
[INFO] 2024-02-22 14:19:16,527 basehttp: "GET /static/admin/js/filters.js HTTP/1.1" 304 0
[INFO] 2024-02-22 14:19:16,527 basehttp: "GET /static/admin/js/nav_sidebar.js HTTP/1.1" 304 0
[INFO] 2024-02-22 14:19:16,538 basehttp: "GET /static/admin/fonts/Roboto-Regular-webfont.woff HTTP/1.1" 304 0
[INFO] 2024-02-22 14:19:16,538 basehttp: "GET /static/admin/img/icon-addlink.svg HTTP/1.1" 304 0
[INFO] 2024-02-22 14:19:16,538 basehttp: "GET /static/admin/img/tooltag-add.svg HTTP/1.1" 304 0
[INFO] 2024-02-22 14:19:16,539 basehttp: "GET /static/admin/fonts/Roboto-Light-webfont.woff HTTP/1.1" 304 0
[INFO] 2024-02-22 14:19:16,543 basehttp: "GET /static/admin/fonts/Roboto-Bold-webfont.woff HTTP/1.1" 304 0
[INFO] 2024-02-22 14:20:28,266 basehttp: "GET /schema/swagger/ HTTP/1.1" 200 4267
[INFO] 2024-02-22 14:20:28,441 basehttp: "GET /schema/ HTTP/1.1" 200 21214
[INFO] 2024-02-22 14:20:39,410 basehttp: "GET /schema/swagger/ HTTP/1.1" 200 4267
[INFO] 2024-02-22 14:20:39,527 basehttp: "GET /schema/ HTTP/1.1" 200 21835
[ERROR] 2024-02-22 14:20:44,395 basehttp: "DELETE /workflow/test-destroy-view/ HTTP/1.1" 500 98211
[INFO] 2024-02-22 14:22:42,054 basehttp: "GET /admin/ HTTP/1.1" 200 5249
[INFO] 2024-02-22 14:22:42,075 basehttp: "GET /static/admin/css/base.css HTTP/1.1" 304 0
[INFO] 2024-02-22 14:22:42,082 basehttp: "GET /static/admin/css/nav_sidebar.css HTTP/1.1" 304 0
[INFO] 2024-02-22 14:22:42,082 basehttp: "GET /static/admin/css/dark_mode.css HTTP/1.1" 304 0
[INFO] 2024-02-22 14:22:42,094 basehttp: "GET /static/admin/js/nav_sidebar.js HTTP/1.1" 304 0
[INFO] 2024-02-22 14:22:42,095 basehttp: "GET /static/admin/css/responsive.css HTTP/1.1" 304 0
[INFO] 2024-02-22 14:22:42,099 basehttp: "GET /static/admin/css/dashboard.css HTTP/1.1" 304 0
[INFO] 2024-02-22 14:22:42,120 basehttp: "GET /static/admin/css/fonts.css HTTP/1.1" 304 0
[INFO] 2024-02-22 14:22:42,173 basehttp: "GET /static/admin/img/icon-changelink.svg HTTP/1.1" 304 0
[INFO] 2024-02-22 14:22:42,174 basehttp: "GET /static/admin/img/icon-addlink.svg HTTP/1.1" 304 0
[INFO] 2024-02-22 14:22:42,208 basehttp: "GET /static/admin/fonts/Roboto-Light-webfont.woff HTTP/1.1" 304 0
[INFO] 2024-02-22 14:22:42,208 basehttp: "GET /static/admin/fonts/Roboto-Regular-webfont.woff HTTP/1.1" 304 0
[INFO] 2024-02-22 14:22:42,208 basehttp: "GET /static/admin/fonts/Roboto-Bold-webfont.woff HTTP/1.1" 304 0
[INFO] 2024-02-22 14:22:43,641 basehttp: "GET /admin/workflow/testmodel/ HTTP/1.1" 200 7368
[INFO] 2024-02-22 14:22:43,673 basehttp: "GET /static/admin/css/changelists.css HTTP/1.1" 304 0
[INFO] 2024-02-22 14:22:43,674 basehttp: "GET /static/admin/js/vendor/jquery/jquery.js HTTP/1.1" 304 0
[INFO] 2024-02-22 14:22:43,680 basehttp: "GET /static/admin/js/jquery.init.js HTTP/1.1" 304 0
[INFO] 2024-02-22 14:22:43,681 basehttp: "GET /static/admin/js/core.js HTTP/1.1" 304 0
[INFO] 2024-02-22 14:22:43,686 basehttp: "GET /static/admin/js/admin/RelatedObjectLookups.js HTTP/1.1" 304 0
[INFO] 2024-02-22 14:22:43,693 basehttp: "GET /static/admin/js/prepopulate.js HTTP/1.1" 304 0
[INFO] 2024-02-22 14:22:43,698 basehttp: "GET /static/admin/js/urlify.js HTTP/1.1" 304 0
[INFO] 2024-02-22 14:22:43,710 basehttp: "GET /static/admin/js/actions.js HTTP/1.1" 304 0
[INFO] 2024-02-22 14:22:43,710 basehttp: "GET /admin/jsi18n/ HTTP/1.1" 200 3343
[INFO] 2024-02-22 14:22:43,713 basehttp: "GET /static/admin/js/vendor/xregexp/xregexp.js HTTP/1.1" 304 0
[INFO] 2024-02-22 14:22:43,755 basehttp: "GET /static/admin/js/filters.js HTTP/1.1" 304 0
[INFO] 2024-02-22 14:22:43,779 basehttp: "GET /static/admin/img/tooltag-add.svg HTTP/1.1" 304 0
[INFO] 2024-02-22 14:22:53,184 basehttp: "GET /schema/swagger/ HTTP/1.1" 200 4267
[INFO] 2024-02-22 14:22:53,336 basehttp: "GET /schema/ HTTP/1.1" 200 22160
[ERROR] 2024-02-22 14:23:02,715 basehttp: "DELETE /workflow/test-destroy-view/bfb125d6-315b-44f3-b35b-c3aa03842544/ HTTP/1.1" 500 99352
[INFO] 2024-02-22 14:23:42,031 basehttp: "GET /schema/swagger/ HTTP/1.1" 200 4267
[INFO] 2024-02-22 14:23:42,278 basehttp: "GET /schema/ HTTP/1.1" 200 22160
[INFO] 2024-02-22 14:23:46,098 basehttp: "GET /admin/workflow/testmodel/ HTTP/1.1" 200 7368
[INFO] 2024-02-22 14:23:46,115 basehttp: "GET /static/admin/css/base.css HTTP/1.1" 304 0
[INFO] 2024-02-22 14:23:46,123 basehttp: "GET /static/admin/css/dark_mode.css HTTP/1.1" 304 0
[INFO] 2024-02-22 14:23:46,129 basehttp: "GET /static/admin/css/nav_sidebar.css HTTP/1.1" 304 0
[INFO] 2024-02-22 14:23:46,129 basehttp: "GET /static/admin/css/changelists.css HTTP/1.1" 304 0
[INFO] 2024-02-22 14:23:46,130 basehttp: "GET /static/admin/css/responsive.css HTTP/1.1" 304 0
[INFO] 2024-02-22 14:23:46,133 basehttp: "GET /static/admin/js/vendor/jquery/jquery.js HTTP/1.1" 304 0
[INFO] 2024-02-22 14:23:46,134 basehttp: "GET /static/admin/js/core.js HTTP/1.1" 304 0
[INFO] 2024-02-22 14:23:46,139 basehttp: "GET /static/admin/js/admin/RelatedObjectLookups.js HTTP/1.1" 304 0
[INFO] 2024-02-22 14:23:46,141 basehttp: "GET /static/admin/js/jquery.init.js HTTP/1.1" 304 0
[INFO] 2024-02-22 14:23:46,145 basehttp: "GET /admin/jsi18n/ HTTP/1.1" 200 3343
[INFO] 2024-02-22 14:23:46,151 basehttp: "GET /static/admin/js/actions.js HTTP/1.1" 304 0
[INFO] 2024-02-22 14:23:46,163 basehttp: "GET /static/admin/js/urlify.js HTTP/1.1" 304 0
[INFO] 2024-02-22 14:23:46,186 basehttp: "GET /static/admin/js/prepopulate.js HTTP/1.1" 304 0
[INFO] 2024-02-22 14:23:46,186 basehttp: "GET /static/admin/js/vendor/xregexp/xregexp.js HTTP/1.1" 304 0
[INFO] 2024-02-22 14:23:46,187 basehttp: "GET /static/admin/css/fonts.css HTTP/1.1" 304 0
[INFO] 2024-02-22 14:23:46,252 basehttp: "GET /static/admin/js/nav_sidebar.js HTTP/1.1" 304 0
[INFO] 2024-02-22 14:23:46,253 basehttp: "GET /static/admin/js/filters.js HTTP/1.1" 304 0
[INFO] 2024-02-22 14:23:46,280 basehttp: "GET /static/admin/fonts/Roboto-Regular-webfont.woff HTTP/1.1" 304 0
[INFO] 2024-02-22 14:23:46,281 basehttp: "GET /static/admin/img/icon-addlink.svg HTTP/1.1" 304 0
[INFO] 2024-02-22 14:23:46,282 basehttp: "GET /static/admin/img/tooltag-add.svg HTTP/1.1" 304 0
[INFO] 2024-02-22 14:23:46,291 basehttp: "GET /static/admin/fonts/Roboto-Light-webfont.woff HTTP/1.1" 304 0
[INFO] 2024-02-22 14:23:46,295 basehttp: "GET /static/admin/fonts/Roboto-Bold-webfont.woff HTTP/1.1" 304 0
[ERROR] 2024-02-22 14:23:48,778 basehttp: "DELETE /workflow/test-destroy-view/bfb125d6-315b-44f3-b35b-c3aa03842544/ HTTP/1.1" 500 101948
[INFO] 2024-02-22 14:24:04,075 basehttp: "GET /schema/swagger/ HTTP/1.1" 200 4267
[INFO] 2024-02-22 14:24:04,347 basehttp: "GET /schema/ HTTP/1.1" 200 22160
[INFO] 2024-02-22 14:24:08,704 basehttp: "DELETE /workflow/test-destroy-view/bfb125d6-315b-44f3-b35b-c3aa03842544/ HTTP/1.1" 204 0
[WARNING] 2024-02-22 14:24:13,480 basehttp: "DELETE /workflow/test-destroy-view/bfb125d6-315b-44f3-b35b-c3aa03842544/ HTTP/1.1" 404 67
[INFO] 2024-02-22 14:24:16,766 basehttp: "GET /admin/workflow/testmodel/ HTTP/1.1" 200 5920
[INFO] 2024-02-22 14:24:16,794 basehttp: "GET /admin/jsi18n/ HTTP/1.1" 200 3343
[INFO] 2024-02-22 14:26:15,083 basehttp: "GET /admin/workflow/testmodel/ HTTP/1.1" 200 5920
[INFO] 2024-02-22 14:26:15,124 basehttp: "GET /static/admin/css/base.css HTTP/1.1" 304 0
[INFO] 2024-02-22 14:26:15,141 basehttp: "GET /static/admin/css/dark_mode.css HTTP/1.1" 304 0
[INFO] 2024-02-22 14:26:15,144 basehttp: "GET /static/admin/css/nav_sidebar.css HTTP/1.1" 304 0
[INFO] 2024-02-22 14:26:15,153 basehttp: "GET /static/admin/css/changelists.css HTTP/1.1" 304 0
[INFO] 2024-02-22 14:26:15,160 basehttp: "GET /static/admin/css/fonts.css HTTP/1.1" 304 0
[INFO] 2024-02-22 14:26:15,160 basehttp: "GET /static/admin/js/vendor/jquery/jquery.js HTTP/1.1" 304 0
[INFO] 2024-02-22 14:26:15,162 basehttp: "GET /static/admin/css/responsive.css HTTP/1.1" 304 0
[INFO] 2024-02-22 14:26:15,171 basehttp: "GET /static/admin/js/jquery.init.js HTTP/1.1" 304 0
[INFO] 2024-02-22 14:26:15,173 basehttp: "GET /static/admin/js/core.js HTTP/1.1" 304 0
[INFO] 2024-02-22 14:26:15,174 basehttp: "GET /static/admin/js/admin/RelatedObjectLookups.js HTTP/1.1" 304 0
[INFO] 2024-02-22 14:26:15,188 basehttp: "GET /admin/jsi18n/ HTTP/1.1" 200 3343
[INFO] 2024-02-22 14:26:15,194 basehttp: "GET /static/admin/js/actions.js HTTP/1.1" 304 0
[INFO] 2024-02-22 14:26:15,204 basehttp: "GET /static/admin/js/urlify.js HTTP/1.1" 304 0
[INFO] 2024-02-22 14:26:15,213 basehttp: "GET /static/admin/js/prepopulate.js HTTP/1.1" 304 0
[INFO] 2024-02-22 14:26:15,223 basehttp: "GET /static/admin/js/vendor/xregexp/xregexp.js HTTP/1.1" 304 0
[INFO] 2024-02-22 14:26:15,276 basehttp: "GET /static/admin/js/nav_sidebar.js HTTP/1.1" 304 0
[INFO] 2024-02-22 14:26:15,276 basehttp: "GET /static/admin/js/filters.js HTTP/1.1" 304 0
[INFO] 2024-02-22 14:26:15,292 basehttp: "GET /static/admin/fonts/Roboto-Light-webfont.woff HTTP/1.1" 304 0
[INFO] 2024-02-22 14:26:15,292 basehttp: "GET /static/admin/img/tooltag-add.svg HTTP/1.1" 304 0
[INFO] 2024-02-22 14:26:15,292 basehttp: "GET /static/admin/fonts/Roboto-Regular-webfont.woff HTTP/1.1" 304 0
[INFO] 2024-02-22 14:26:15,292 basehttp: "GET /static/admin/img/icon-addlink.svg HTTP/1.1" 304 0
[INFO] 2024-02-22 14:26:15,298 basehttp: "GET /static/admin/fonts/Roboto-Bold-webfont.woff HTTP/1.1" 304 0
[INFO] 2024-02-22 14:26:16,448 basehttp: "GET /admin/workflow/testmodel/add/ HTTP/1.1" 200 7142
[INFO] 2024-02-22 14:26:16,477 basehttp: "GET /static/admin/css/forms.css HTTP/1.1" 304 0
[INFO] 2024-02-22 14:26:16,483 basehttp: "GET /static/admin/js/prepopulate_init.js HTTP/1.1" 304 0
[INFO] 2024-02-22 14:26:16,501 basehttp: "GET /admin/jsi18n/ HTTP/1.1" 200 3343
[INFO] 2024-02-22 14:26:16,507 basehttp: "GET /static/admin/js/change_form.js HTTP/1.1" 304 0
[INFO] 2024-02-22 14:26:16,533 basehttp: "GET /static/admin/css/widgets.css HTTP/1.1" 304 0
[INFO] 2024-02-22 14:26:17,845 basehttp: "POST /admin/workflow/testmodel/add/ HTTP/1.1" 302 0
[INFO] 2024-02-22 14:26:17,890 basehttp: "GET /admin/workflow/testmodel/ HTTP/1.1" 200 7622
[INFO] 2024-02-22 14:26:17,925 basehttp: "GET /admin/jsi18n/ HTTP/1.1" 200 3343
[INFO] 2024-02-22 14:26:17,950 basehttp: "GET /static/admin/img/icon-yes.svg HTTP/1.1" 304 0
[INFO] 2024-02-22 14:26:20,678 basehttp: "GET /schema/swagger/ HTTP/1.1" 200 4267
[INFO] 2024-02-22 14:26:20,821 basehttp: "GET /schema/ HTTP/1.1" 200 23105
[INFO] 2024-02-22 14:26:38,723 basehttp: "GET /schema/swagger/ HTTP/1.1" 200 4267
[INFO] 2024-02-22 14:26:38,814 basehttp: "GET /schema/ HTTP/1.1" 200 23105
[INFO] 2024-02-22 14:26:42,651 basehttp: "GET /schema/swagger/ HTTP/1.1" 200 4267
[INFO] 2024-02-22 14:26:42,833 basehttp: "GET /schema/ HTTP/1.1" 200 23386
[INFO] 2024-02-22 14:26:48,541 basehttp: "GET /workflow/test-get-view/64421290-d3ce-4791-b834-510619e6ce95/ HTTP/1.1" 200 65
[INFO] 2024-02-22 14:26:51,909 basehttp: "GET /workflow/test-get-view/64421290-d3ce-4791-b834-510619e6ce95/ HTTP/1.1" 200 65
[INFO] 2024-02-22 15:06:37,353 basehttp: "OPTIONS /users/login/ HTTP/1.1" 200 0
[INFO] 2024-02-22 15:06:37,869 basehttp: "POST /users/login/ HTTP/1.1" 200 582
[INFO] 2024-02-22 15:06:37,918 basehttp: "OPTIONS /users/profile/ HTTP/1.1" 200 0
[INFO] 2024-02-22 15:06:37,983 basehttp: "GET /users/profile/ HTTP/1.1" 200 64
[INFO] 2024-02-22 15:06:38,653 basehttp: "POST /users/login/ HTTP/1.1" 200 582
