[WARNING] 2024-04-14 18:30:18,968 basehttp: "GET / HTTP/1.1" 404 2763
[WARNING] 2024-04-14 18:30:19,058 basehttp: "GET /favicon.ico HTTP/1.1" 404 2814
[WARNING] 2024-04-14 18:30:23,485 basehttp: "GET /admi HTTP/1.1" 404 2793
[WARNING] 2024-04-14 18:30:25,612 basehttp: "GET /admim HTTP/1.1" 404 2796
[INFO] 2024-04-14 18:30:27,584 basehttp: "GET /admin HTTP/1.1" 301 0
[ERROR] 2024-04-14 18:30:27,710 basehttp: "GET /admin/ HTTP/1.1" 500 194381
[INFO] 2024-04-14 18:31:11,751 basehttp: "GET /admin/ HTTP/1.1" 302 0
[INFO] 2024-04-14 18:31:11,777 basehttp: "GET /admin/login/?next=/admin/ HTTP/1.1" 200 4349
[INFO] 2024-04-14 18:31:11,805 basehttp: "GET /static/admin/css/base.css HTTP/1.1" 200 21544
[INFO] 2024-04-14 18:31:11,816 basehttp: "GET /static/admin/css/dark_mode.css HTTP/1.1" 200 2682
[INFO] 2024-04-14 18:31:11,818 basehttp: "GET /static/admin/css/login.css HTTP/1.1" 200 958
[INFO] 2024-04-14 18:31:11,818 basehttp: "GET /static/admin/css/nav_sidebar.css HTTP/1.1" 200 2810
[INFO] 2024-04-14 18:31:11,819 basehttp: "GET /static/admin/css/responsive.css HTTP/1.1" 200 17905
[INFO] 2024-04-14 18:31:11,828 basehttp: "GET /static/admin/js/nav_sidebar.js HTTP/1.1" 200 3063
[INFO] 2024-04-14 18:31:11,829 basehttp: "GET /static/admin/js/theme.js HTTP/1.1" 200 1943
[INFO] 2024-04-14 18:31:11,896 basehttp: "GET /static/favicon.ico HTTP/1.1" 200 2238
[INFO] 2024-04-14 18:31:21,135 basehttp: "POST /admin/login/?next=/admin/ HTTP/1.1" 302 0
[INFO] 2024-04-14 18:31:21,174 basehttp: "GET /admin/ HTTP/1.1" 200 6833
[INFO] 2024-04-14 18:31:21,196 basehttp: "GET /static/admin/css/dashboard.css HTTP/1.1" 200 441
[INFO] 2024-04-14 18:31:21,248 basehttp: "GET /static/admin/img/icon-addlink.svg HTTP/1.1" 200 331
[INFO] 2024-04-14 18:31:21,248 basehttp: "GET /static/admin/img/icon-changelink.svg HTTP/1.1" 200 380
[WARNING] 2024-04-14 18:31:27,649 basehttp: "GET / HTTP/1.1" 404 2763
[INFO] 2024-04-14 18:31:29,040 basehttp: "GET /admin/ HTTP/1.1" 200 6833
[INFO] 2024-04-14 18:31:29,984 basehttp: "GET /admin/users/user/ HTTP/1.1" 200 11510
[INFO] 2024-04-14 18:31:30,006 basehttp: "GET /static/admin/css/changelists.css HTTP/1.1" 200 6811
[INFO] 2024-04-14 18:31:30,009 basehttp: "GET /static/admin/js/jquery.init.js HTTP/1.1" 200 347
[INFO] 2024-04-14 18:31:30,009 basehttp: "GET /static/admin/js/admin/RelatedObjectLookups.js HTTP/1.1" 200 9042
[INFO] 2024-04-14 18:31:30,010 basehttp: "GET /static/admin/js/core.js HTTP/1.1" 200 6208
[INFO] 2024-04-14 18:31:30,011 basehttp: "GET /static/admin/js/vendor/jquery/jquery.js HTTP/1.1" 200 285314
[INFO] 2024-04-14 18:31:30,014 basehttp: "GET /static/admin/js/urlify.js HTTP/1.1" 200 7887
[INFO] 2024-04-14 18:31:30,017 basehttp: "GET /static/admin/js/actions.js HTTP/1.1" 200 8067
[INFO] 2024-04-14 18:31:30,019 basehttp: "GET /static/admin/js/prepopulate.js HTTP/1.1" 200 1531
[INFO] 2024-04-14 18:31:30,020 basehttp: "GET /static/admin/js/vendor/xregexp/xregexp.js HTTP/1.1" 200 325171
[INFO] 2024-04-14 18:31:30,029 basehttp: "GET /static/admin/img/search.svg HTTP/1.1" 200 458
[INFO] 2024-04-14 18:31:30,032 basehttp: "GET /static/admin/img/icon-yes.svg HTTP/1.1" 200 436
[INFO] 2024-04-14 18:31:30,037 basehttp: "GET /admin/jsi18n/ HTTP/1.1" 200 3342
[INFO] 2024-04-14 18:31:30,059 basehttp: "GET /static/admin/js/filters.js HTTP/1.1" 200 978
[INFO] 2024-04-14 18:31:30,062 basehttp: "GET /static/admin/img/tooltag-add.svg HTTP/1.1" 200 331
[INFO] 2024-04-14 18:31:30,064 basehttp: "GET /static/admin/img/icon-viewlink.svg HTTP/1.1" 200 581
[INFO] 2024-04-14 18:31:34,523 basehttp: "GET /admin/users/groupproxy/ HTTP/1.1" 200 7923
[INFO] 2024-04-14 18:31:34,557 basehttp: "GET /admin/jsi18n/ HTTP/1.1" 200 3342
[INFO] 2024-04-14 18:31:35,173 basehttp: "GET /admin/users/permissionproxy/ HTTP/1.1" 200 24645
[INFO] 2024-04-14 18:31:35,207 basehttp: "GET /admin/jsi18n/ HTTP/1.1" 200 3342
[INFO] 2024-04-14 18:31:37,122 basehttp: "GET /admin/workflow/testmodel/ HTTP/1.1" 200 7958
[INFO] 2024-04-14 18:31:37,142 basehttp: "GET /static/admin/css/base.css HTTP/1.1" 304 0
[INFO] 2024-04-14 18:31:37,152 basehttp: "GET /static/admin/css/dark_mode.css HTTP/1.1" 304 0
[INFO] 2024-04-14 18:31:37,152 basehttp: "GET /static/admin/css/responsive.css HTTP/1.1" 304 0
[INFO] 2024-04-14 18:31:37,152 basehttp: "GET /static/admin/css/nav_sidebar.css HTTP/1.1" 304 0
[INFO] 2024-04-14 18:31:37,166 basehttp: "GET /admin/jsi18n/ HTTP/1.1" 200 3342
[INFO] 2024-04-14 18:31:37,170 basehttp: "GET /static/admin/js/theme.js HTTP/1.1" 304 0
[INFO] 2024-04-14 18:31:37,185 basehttp: "GET /static/admin/js/nav_sidebar.js HTTP/1.1" 304 0
[INFO] 2024-04-14 18:31:38,489 basehttp: "GET /admin/workflow/testmodel/add/ HTTP/1.1" 200 9493
[INFO] 2024-04-14 18:31:38,505 basehttp: "GET /static/admin/css/forms.css HTTP/1.1" 200 9090
[INFO] 2024-04-14 18:31:38,511 basehttp: "GET /static/admin/js/prepopulate_init.js HTTP/1.1" 200 586
[INFO] 2024-04-14 18:31:38,514 basehttp: "GET /static/admin/css/widgets.css HTTP/1.1" 200 11800
[INFO] 2024-04-14 18:31:38,520 basehttp: "GET /static/admin/js/change_form.js HTTP/1.1" 200 606
[INFO] 2024-04-14 18:31:38,526 basehttp: "GET /admin/jsi18n/ HTTP/1.1" 200 3342
[INFO] 2024-04-14 18:31:42,051 basehttp: "POST /admin/workflow/testmodel/add/ HTTP/1.1" 302 0
[INFO] 2024-04-14 18:31:42,079 basehttp: "GET /admin/workflow/testmodel/add/ HTTP/1.1" 200 9774
[INFO] 2024-04-14 18:31:42,115 basehttp: "GET /admin/jsi18n/ HTTP/1.1" 200 3342
[ERROR] 2024-04-14 18:31:44,227 basehttp: "GET /admin/workflow/ HTTP/1.1" 500 87108
[INFO] 2024-04-14 18:31:45,334 basehttp: "GET /admin/workflow/testmodel/add/ HTTP/1.1" 200 9493
[INFO] 2024-04-14 18:31:46,079 basehttp: "GET /admin/workflow/testmodel/ HTTP/1.1" 200 9494
[INFO] 2024-04-14 18:31:46,117 basehttp: "GET /admin/jsi18n/ HTTP/1.1" 200 3342
[INFO] 2024-04-14 18:31:47,105 basehttp: "GET /admin/workflow/testmodel/add/ HTTP/1.1" 200 9493
[ERROR] 2024-04-14 18:31:52,667 basehttp: "GET /admin/users/ HTTP/1.1" 500 87042
[INFO] 2024-04-14 18:31:53,704 basehttp: "GET /admin/workflow/testmodel/add/ HTTP/1.1" 200 9493
[INFO] 2024-04-14 18:33:50,293 basehttp: "GET /admin/workflow/testmodel/add/ HTTP/1.1" 302 0
[INFO] 2024-04-14 18:33:50,306 basehttp: "GET /admin/login/?next=/admin/workflow/testmodel/add/ HTTP/1.1" 200 4395
[INFO] 2024-04-14 18:33:50,340 basehttp: "GET /static/admin/css/base.css HTTP/1.1" 200 21544
[INFO] 2024-04-14 18:33:50,341 basehttp: "GET /static/admin/css/dark_mode.css HTTP/1.1" 200 2682
[INFO] 2024-04-14 18:33:50,368 basehttp: "GET /static/admin/js/nav_sidebar.js HTTP/1.1" 200 3063
[INFO] 2024-04-14 18:33:50,370 basehttp: "GET /static/admin/css/responsive.css HTTP/1.1" 200 17905
[INFO] 2024-04-14 18:33:50,371 basehttp: "GET /static/admin/css/nav_sidebar.css HTTP/1.1" 200 2810
[INFO] 2024-04-14 18:33:50,381 basehttp: "GET /static/admin/css/login.css HTTP/1.1" 200 958
[INFO] 2024-04-14 18:33:50,381 basehttp: "GET /static/admin/js/theme.js HTTP/1.1" 200 1943
[INFO] 2024-04-14 18:33:50,456 basehttp: "GET /static/favicon.ico HTTP/1.1" 200 2238
[INFO] 2024-04-14 18:38:38,607 basehttp: "GET /admin/login/?next=/admin/workflow/testmodel/add/ HTTP/1.1" 200 4395
[INFO] 2024-04-14 18:38:38,647 basehttp: "GET /static/admin/css/base.css HTTP/1.1" 200 21544
[INFO] 2024-04-14 18:38:38,647 basehttp: "GET /static/admin/css/dark_mode.css HTTP/1.1" 200 2682
[INFO] 2024-04-14 18:38:38,652 basehttp: "GET /static/admin/css/login.css HTTP/1.1" 200 958
[INFO] 2024-04-14 18:38:38,654 basehttp: "GET /static/admin/css/nav_sidebar.css HTTP/1.1" 200 2810
[INFO] 2024-04-14 18:38:38,679 basehttp: "GET /static/admin/js/theme.js HTTP/1.1" 200 1943
[INFO] 2024-04-14 18:38:38,680 basehttp: "GET /static/admin/css/responsive.css HTTP/1.1" 200 17905
[INFO] 2024-04-14 18:38:38,692 basehttp: "GET /static/admin/js/nav_sidebar.js HTTP/1.1" 200 3063
[INFO] 2024-04-14 18:38:50,346 basehttp: "POST /admin/login/?next=/admin/workflow/testmodel/add/ HTTP/1.1" 302 0
[INFO] 2024-04-14 18:38:50,944 basehttp: "GET /admin/workflow/testmodel/add/ HTTP/1.1" 200 9493
[INFO] 2024-04-14 18:38:50,962 basehttp: "GET /static/admin/css/base.css HTTP/1.1" 304 0
[INFO] 2024-04-14 18:38:50,970 basehttp: "GET /static/admin/css/forms.css HTTP/1.1" 200 9090
[INFO] 2024-04-14 18:38:50,978 basehttp: "GET /static/admin/css/nav_sidebar.css HTTP/1.1" 304 0
[INFO] 2024-04-14 18:38:50,978 basehttp: "GET /static/admin/css/dark_mode.css HTTP/1.1" 304 0
[INFO] 2024-04-14 18:38:50,982 basehttp: "GET /static/admin/js/vendor/jquery/jquery.js HTTP/1.1" 200 285314
[INFO] 2024-04-14 18:38:50,982 basehttp: "GET /static/admin/js/jquery.init.js HTTP/1.1" 200 347
[INFO] 2024-04-14 18:38:50,989 basehttp: "GET /static/admin/css/responsive.css HTTP/1.1" 304 0
[INFO] 2024-04-14 18:38:50,992 basehttp: "GET /static/admin/js/core.js HTTP/1.1" 200 6208
[INFO] 2024-04-14 18:38:51,000 basehttp: "GET /static/admin/js/admin/RelatedObjectLookups.js HTTP/1.1" 200 9042
[INFO] 2024-04-14 18:38:51,000 basehttp: "GET /static/admin/css/widgets.css HTTP/1.1" 200 11800
[INFO] 2024-04-14 18:38:51,005 basehttp: "GET /static/admin/js/actions.js HTTP/1.1" 200 8067
[INFO] 2024-04-14 18:38:51,009 basehttp: "GET /static/admin/js/urlify.js HTTP/1.1" 200 7887
[INFO] 2024-04-14 18:38:51,009 basehttp: "GET /admin/jsi18n/ HTTP/1.1" 200 3342
[INFO] 2024-04-14 18:38:51,017 basehttp: "GET /static/admin/js/prepopulate_init.js HTTP/1.1" 200 586
[INFO] 2024-04-14 18:38:51,018 basehttp: "GET /static/admin/js/prepopulate.js HTTP/1.1" 200 1531
[INFO] 2024-04-14 18:38:51,022 basehttp: "GET /static/admin/js/vendor/xregexp/xregexp.js HTTP/1.1" 200 325171
[INFO] 2024-04-14 18:38:51,057 basehttp: "GET /static/admin/js/theme.js HTTP/1.1" 304 0
[INFO] 2024-04-14 18:38:51,073 basehttp: "GET /static/admin/js/nav_sidebar.js HTTP/1.1" 304 0
[INFO] 2024-04-14 18:38:51,074 basehttp: "GET /static/admin/js/change_form.js HTTP/1.1" 200 606
[INFO] 2024-04-14 18:38:51,080 basehttp: "GET /static/admin/img/icon-addlink.svg HTTP/1.1" 200 331
[INFO] 2024-04-14 18:39:21,059 basehttp: "GET /admin/workflow/testmodel/add/ HTTP/1.1" 200 14397
[INFO] 2024-04-14 18:39:21,121 basehttp: "GET /static/vendor/fontawesome-free/css/all.min.css HTTP/1.1" 200 59344
[INFO] 2024-04-14 18:39:21,142 basehttp: "GET /static/admin/js/jquery.init.js HTTP/1.1" 304 0
[INFO] 2024-04-14 18:39:21,152 basehttp: "GET /static/admin/js/vendor/jquery/jquery.js HTTP/1.1" 304 0
[INFO] 2024-04-14 18:39:21,153 basehttp: "GET /static/jazzmin/css/main.css HTTP/1.1" 200 16969
[INFO] 2024-04-14 18:39:21,168 basehttp: "GET /static/admin/js/admin/RelatedObjectLookups.js HTTP/1.1" 304 0
[INFO] 2024-04-14 18:39:21,158 basehttp: "GET /static/admin/js/core.js HTTP/1.1" 304 0
[INFO] 2024-04-14 18:39:21,160 basehttp: "GET /static/vendor/adminlte/css/adminlte.min.css HTTP/1.1" 200 1382975
[INFO] 2024-04-14 18:39:21,155 basehttp: "GET /static/vendor/select2/css/select2.min.css HTTP/1.1" 200 16264
[INFO] 2024-04-14 18:39:21,183 basehttp: "GET /static/admin/js/urlify.js HTTP/1.1" 304 0
[INFO] 2024-04-14 18:39:21,187 basehttp: "GET /static/admin/js/actions.js HTTP/1.1" 304 0
[INFO] 2024-04-14 18:39:21,189 basehttp: "GET /admin/jsi18n/ HTTP/1.1" 200 3342
[INFO] 2024-04-14 18:39:21,199 basehttp: "GET /static/admin/js/prepopulate.js HTTP/1.1" 304 0
[INFO] 2024-04-14 18:39:21,202 basehttp: "GET /static/admin/js/vendor/xregexp/xregexp.js HTTP/1.1" 304 0
[INFO] 2024-04-14 18:39:21,220 basehttp: "GET /static/vendor/adminlte/img/AdminLTELogo.png HTTP/1.1" 200 2637
[INFO] 2024-04-14 18:39:21,220 basehttp: "GET /static/admin/js/change_form.js HTTP/1.1" 304 0
[INFO] 2024-04-14 18:39:21,225 basehttp: "GET /static/admin/js/prepopulate_init.js HTTP/1.1" 304 0
[INFO] 2024-04-14 18:39:21,279 basehttp: "GET /static/vendor/adminlte/js/adminlte.min.js HTTP/1.1" 200 44244
[INFO] 2024-04-14 18:39:21,280 basehttp: "GET /static/vendor/bootstrap/js/bootstrap.min.js HTTP/1.1" 200 62440
[INFO] 2024-04-14 18:39:21,288 basehttp: "GET /static/jazzmin/js/main.js HTTP/1.1" 200 2391
[INFO] 2024-04-14 18:39:21,289 basehttp: "GET /static/vendor/select2/js/select2.min.js HTTP/1.1" 200 73170
[INFO] 2024-04-14 18:39:21,295 basehttp: "GET /static/jazzmin/js/change_form.js HTTP/1.1" 200 6052
[INFO] 2024-04-14 18:39:21,402 basehttp: "GET /static/vendor/fontawesome-free/webfonts/fa-regular-400.woff2 HTTP/1.1" 200 13276
[INFO] 2024-04-14 18:39:21,403 basehttp: "GET /static/vendor/fontawesome-free/webfonts/fa-solid-900.woff2 HTTP/1.1" 200 78196
[INFO] 2024-04-14 18:39:23,042 basehttp: "GET /admin/ HTTP/1.1" 200 16715
[INFO] 2024-04-14 18:39:24,217 basehttp: "GET /admin/users/groupproxy/ HTTP/1.1" 200 12318
[INFO] 2024-04-14 18:39:24,234 basehttp: "GET /static/jazzmin/js/change_list.js HTTP/1.1" 200 2252
[INFO] 2024-04-14 18:39:24,248 basehttp: "GET /admin/jsi18n/ HTTP/1.1" 200 3342
[INFO] 2024-04-14 18:39:24,642 basehttp: "GET /admin/users/user/ HTTP/1.1" 200 18393
[INFO] 2024-04-14 18:39:24,660 basehttp: "GET /static/admin/img/icon-yes.svg HTTP/1.1" 200 436
[INFO] 2024-04-14 18:39:24,673 basehttp: "GET /admin/jsi18n/ HTTP/1.1" 200 3342
[INFO] 2024-04-14 18:39:25,392 basehttp: "GET /admin/users/permissionproxy/ HTTP/1.1" 200 34664
[INFO] 2024-04-14 18:39:25,425 basehttp: "GET /admin/jsi18n/ HTTP/1.1" 200 3342
[INFO] 2024-04-14 18:39:26,082 basehttp: "GET /admin/users/groupproxy/ HTTP/1.1" 200 12318
[INFO] 2024-04-14 18:39:26,110 basehttp: "GET /admin/jsi18n/ HTTP/1.1" 200 3342
[INFO] 2024-04-14 18:39:26,706 basehttp: "GET /admin/users/permissionproxy/ HTTP/1.1" 200 34664
[INFO] 2024-04-14 18:39:26,746 basehttp: "GET /admin/jsi18n/ HTTP/1.1" 200 3342
[INFO] 2024-04-14 18:39:27,626 basehttp: "GET /admin/users/user/5a3ce7b0-399f-466c-bfb7-f86ae2c738a3/change/ HTTP/1.1" 200 31049
[INFO] 2024-04-14 18:39:27,646 basehttp: "GET /static/vendor/fontawesome-free/css/all.min.css HTTP/1.1" 304 0
[INFO] 2024-04-14 18:39:27,647 basehttp: "GET /static/vendor/adminlte/css/adminlte.min.css HTTP/1.1" 304 0
[INFO] 2024-04-14 18:39:27,647 basehttp: "GET /static/vendor/select2/css/select2.min.css HTTP/1.1" 304 0
[INFO] 2024-04-14 18:39:27,647 basehttp: "GET /static/jazzmin/css/main.css HTTP/1.1" 304 0
[INFO] 2024-04-14 18:39:27,655 basehttp: "GET /static/admin/js/core.js HTTP/1.1" 304 0
[INFO] 2024-04-14 18:39:27,657 basehttp: "GET /static/admin/js/jquery.init.js HTTP/1.1" 304 0
[INFO] 2024-04-14 18:39:27,657 basehttp: "GET /static/admin/js/vendor/jquery/jquery.js HTTP/1.1" 304 0
[INFO] 2024-04-14 18:39:27,657 basehttp: "GET /static/admin/js/SelectBox.js HTTP/1.1" 200 4530
[INFO] 2024-04-14 18:39:27,667 basehttp: "GET /static/admin/js/SelectFilter2.js HTTP/1.1" 200 15492
[INFO] 2024-04-14 18:39:27,669 basehttp: "GET /static/admin/js/admin/RelatedObjectLookups.js HTTP/1.1" 304 0
[INFO] 2024-04-14 18:39:27,672 basehttp: "GET /admin/jsi18n/ HTTP/1.1" 200 3342
[INFO] 2024-04-14 18:39:27,675 basehttp: "GET /static/admin/js/actions.js HTTP/1.1" 304 0
[INFO] 2024-04-14 18:39:27,695 basehttp: "GET /static/admin/js/urlify.js HTTP/1.1" 304 0
[INFO] 2024-04-14 18:39:27,705 basehttp: "GET /static/admin/js/prepopulate.js HTTP/1.1" 304 0
[INFO] 2024-04-14 18:39:27,718 basehttp: "GET /static/vendor/adminlte/img/AdminLTELogo.png HTTP/1.1" 304 0
[INFO] 2024-04-14 18:39:27,718 basehttp: "GET /static/admin/js/vendor/xregexp/xregexp.js HTTP/1.1" 304 0
[INFO] 2024-04-14 18:39:27,727 basehttp: "GET /static/admin/js/change_form.js HTTP/1.1" 304 0
[INFO] 2024-04-14 18:39:27,768 basehttp: "GET /static/admin/js/prepopulate_init.js HTTP/1.1" 304 0
[INFO] 2024-04-14 18:39:27,783 basehttp: "GET /static/vendor/select2/js/select2.min.js HTTP/1.1" 304 0
[INFO] 2024-04-14 18:39:27,783 basehttp: "GET /static/vendor/bootstrap/js/bootstrap.min.js HTTP/1.1" 304 0
[INFO] 2024-04-14 18:39:27,783 basehttp: "GET /static/jazzmin/js/main.js HTTP/1.1" 304 0
[INFO] 2024-04-14 18:39:27,783 basehttp: "GET /static/vendor/adminlte/js/adminlte.min.js HTTP/1.1" 304 0
[INFO] 2024-04-14 18:39:27,789 basehttp: "GET /static/jazzmin/js/change_form.js HTTP/1.1" 304 0
[INFO] 2024-04-14 18:39:29,096 basehttp: "GET /admin/ HTTP/1.1" 200 16715
[INFO] 2024-04-14 18:39:31,404 basehttp: "GET /admin/users/user/ HTTP/1.1" 200 18393
[INFO] 2024-04-14 18:39:31,425 basehttp: "GET /static/jazzmin/js/change_list.js HTTP/1.1" 304 0
[INFO] 2024-04-14 18:39:31,425 basehttp: "GET /static/admin/img/icon-yes.svg HTTP/1.1" 304 0
[INFO] 2024-04-14 18:39:31,439 basehttp: "GET /admin/jsi18n/ HTTP/1.1" 200 3342
[INFO] 2024-04-14 18:39:31,867 basehttp: "GET /admin/users/groupproxy/ HTTP/1.1" 200 12318
[INFO] 2024-04-14 18:39:31,895 basehttp: "GET /admin/jsi18n/ HTTP/1.1" 200 3342
[INFO] 2024-04-14 18:39:32,481 basehttp: "GET /admin/users/permissionproxy/ HTTP/1.1" 200 34664
[INFO] 2024-04-14 18:39:32,521 basehttp: "GET /admin/jsi18n/ HTTP/1.1" 200 3342
[INFO] 2024-04-14 18:39:32,997 basehttp: "GET /admin/workflow/testmodel/ HTTP/1.1" 200 15265
[INFO] 2024-04-14 18:39:33,027 basehttp: "GET /admin/jsi18n/ HTTP/1.1" 200 3342
[INFO] 2024-04-14 18:39:41,525 basehttp: "GET /admin/ HTTP/1.1" 200 16715
[INFO] 2024-04-14 18:39:41,540 basehttp: "GET /static/vendor/fontawesome-free/css/all.min.css HTTP/1.1" 304 0
[INFO] 2024-04-14 18:39:41,545 basehttp: "GET /static/vendor/adminlte/css/adminlte.min.css HTTP/1.1" 304 0
[INFO] 2024-04-14 18:39:41,549 basehttp: "GET /static/jazzmin/css/main.css HTTP/1.1" 304 0
[INFO] 2024-04-14 18:39:41,551 basehttp: "GET /static/vendor/adminlte/img/AdminLTELogo.png HTTP/1.1" 304 0
[INFO] 2024-04-14 18:39:41,552 basehttp: "GET /static/vendor/adminlte/js/adminlte.min.js HTTP/1.1" 304 0
[INFO] 2024-04-14 18:39:41,552 basehttp: "GET /static/admin/js/vendor/jquery/jquery.js HTTP/1.1" 304 0
[INFO] 2024-04-14 18:39:41,552 basehttp: "GET /static/vendor/bootstrap/js/bootstrap.min.js HTTP/1.1" 304 0
[INFO] 2024-04-14 18:39:41,559 basehttp: "GET /static/jazzmin/js/main.js HTTP/1.1" 304 0
[INFO] 2024-04-14 18:39:47,478 basehttp: "GET /admin/ HTTP/1.1" 200 16715
[INFO] 2024-04-14 18:39:48,307 basehttp: "GET /admin/users/user/ HTTP/1.1" 200 18393
[INFO] 2024-04-14 18:39:48,324 basehttp: "GET /static/vendor/select2/css/select2.min.css HTTP/1.1" 304 0
[INFO] 2024-04-14 18:39:48,333 basehttp: "GET /static/admin/js/jquery.init.js HTTP/1.1" 304 0
[INFO] 2024-04-14 18:39:48,334 basehttp: "GET /static/admin/js/actions.js HTTP/1.1" 304 0
[INFO] 2024-04-14 18:39:48,338 basehttp: "GET /static/admin/js/prepopulate.js HTTP/1.1" 304 0
[INFO] 2024-04-14 18:39:48,336 basehttp: "GET /static/admin/js/admin/RelatedObjectLookups.js HTTP/1.1" 304 0
[INFO] 2024-04-14 18:39:48,338 basehttp: "GET /static/admin/js/urlify.js HTTP/1.1" 304 0
[INFO] 2024-04-14 18:39:48,340 basehttp: "GET /static/admin/js/vendor/xregexp/xregexp.js HTTP/1.1" 304 0
[INFO] 2024-04-14 18:39:48,341 basehttp: "GET /static/admin/js/core.js HTTP/1.1" 304 0
[INFO] 2024-04-14 18:39:48,344 basehttp: "GET /static/admin/img/icon-yes.svg HTTP/1.1" 304 0
[INFO] 2024-04-14 18:39:48,347 basehttp: "GET /admin/jsi18n/ HTTP/1.1" 200 3342
[INFO] 2024-04-14 18:39:48,350 basehttp: "GET /static/vendor/select2/js/select2.min.js HTTP/1.1" 304 0
[INFO] 2024-04-14 18:39:48,401 basehttp: "GET /static/jazzmin/js/change_list.js HTTP/1.1" 304 0
[INFO] 2024-04-14 18:39:49,308 basehttp: "GET /admin/users/groupproxy/ HTTP/1.1" 200 12318
[INFO] 2024-04-14 18:39:49,339 basehttp: "GET /admin/jsi18n/ HTTP/1.1" 200 3342
[INFO] 2024-04-14 18:39:50,035 basehttp: "GET /admin/users/permissionproxy/ HTTP/1.1" 200 34664
[INFO] 2024-04-14 18:39:50,051 basehttp: "GET /static/vendor/fontawesome-free/css/all.min.css HTTP/1.1" 304 0
[INFO] 2024-04-14 18:39:50,056 basehttp: "GET /static/vendor/adminlte/css/adminlte.min.css HTTP/1.1" 304 0
[INFO] 2024-04-14 18:39:50,056 basehttp: "GET /static/jazzmin/css/main.css HTTP/1.1" 304 0
[INFO] 2024-04-14 18:39:50,057 basehttp: "GET /static/vendor/adminlte/img/AdminLTELogo.png HTTP/1.1" 304 0
[INFO] 2024-04-14 18:39:50,057 basehttp: "GET /static/admin/js/vendor/jquery/jquery.js HTTP/1.1" 304 0
[INFO] 2024-04-14 18:39:50,063 basehttp: "GET /static/vendor/bootstrap/js/bootstrap.min.js HTTP/1.1" 304 0
[INFO] 2024-04-14 18:39:50,064 basehttp: "GET /static/vendor/adminlte/js/adminlte.min.js HTTP/1.1" 304 0
[INFO] 2024-04-14 18:39:50,070 basehttp: "GET /admin/jsi18n/ HTTP/1.1" 200 3342
[INFO] 2024-04-14 18:39:50,102 basehttp: "GET /static/jazzmin/js/main.js HTTP/1.1" 304 0
[INFO] 2024-04-14 18:39:50,650 basehttp: "GET /admin/workflow/testmodel/ HTTP/1.1" 200 15265
[INFO] 2024-04-14 18:39:50,680 basehttp: "GET /admin/jsi18n/ HTTP/1.1" 200 3342
[INFO] 2024-04-14 18:39:51,436 basehttp: "GET /admin/users/user/ HTTP/1.1" 200 18393
[INFO] 2024-04-14 18:39:51,467 basehttp: "GET /admin/jsi18n/ HTTP/1.1" 200 3342
[INFO] 2024-04-14 18:39:58,175 basehttp: "GET /admin/workflow/testmodel/ HTTP/1.1" 200 15265
[INFO] 2024-04-14 18:39:58,195 basehttp: "GET /static/vendor/select2/css/select2.min.css HTTP/1.1" 304 0
[INFO] 2024-04-14 18:39:58,203 basehttp: "GET /static/admin/js/jquery.init.js HTTP/1.1" 304 0
[INFO] 2024-04-14 18:39:58,208 basehttp: "GET /static/admin/js/core.js HTTP/1.1" 304 0
[INFO] 2024-04-14 18:39:58,211 basehttp: "GET /static/admin/js/actions.js HTTP/1.1" 304 0
[INFO] 2024-04-14 18:39:58,211 basehttp: "GET /static/admin/js/urlify.js HTTP/1.1" 304 0
[INFO] 2024-04-14 18:39:58,212 basehttp: "GET /static/admin/js/prepopulate.js HTTP/1.1" 304 0
[INFO] 2024-04-14 18:39:58,212 basehttp: "GET /static/admin/js/admin/RelatedObjectLookups.js HTTP/1.1" 304 0
[INFO] 2024-04-14 18:39:58,217 basehttp: "GET /static/admin/js/vendor/xregexp/xregexp.js HTTP/1.1" 304 0
[INFO] 2024-04-14 18:39:58,220 basehttp: "GET /static/vendor/select2/js/select2.min.js HTTP/1.1" 304 0
[INFO] 2024-04-14 18:39:58,222 basehttp: "GET /admin/jsi18n/ HTTP/1.1" 200 3342
[INFO] 2024-04-14 18:39:58,225 basehttp: "GET /static/jazzmin/js/change_list.js HTTP/1.1" 304 0
[INFO] 2024-04-14 18:40:00,761 basehttp: "GET /admin/users/user/ HTTP/1.1" 200 18393
[INFO] 2024-04-14 18:40:00,779 basehttp: "GET /static/vendor/fontawesome-free/css/all.min.css HTTP/1.1" 304 0
[INFO] 2024-04-14 18:40:00,783 basehttp: "GET /static/vendor/adminlte/img/AdminLTELogo.png HTTP/1.1" 304 0
[INFO] 2024-04-14 18:40:00,783 basehttp: "GET /static/admin/js/vendor/jquery/jquery.js HTTP/1.1" 304 0
[INFO] 2024-04-14 18:40:00,783 basehttp: "GET /static/jazzmin/css/main.css HTTP/1.1" 304 0
[INFO] 2024-04-14 18:40:00,784 basehttp: "GET /static/vendor/adminlte/css/adminlte.min.css HTTP/1.1" 304 0
[INFO] 2024-04-14 18:40:00,788 basehttp: "GET /static/admin/img/icon-yes.svg HTTP/1.1" 304 0
[INFO] 2024-04-14 18:40:00,790 basehttp: "GET /static/vendor/bootstrap/js/bootstrap.min.js HTTP/1.1" 304 0
[INFO] 2024-04-14 18:40:00,795 basehttp: "GET /admin/jsi18n/ HTTP/1.1" 200 3342
[INFO] 2024-04-14 18:40:00,834 basehttp: "GET /static/vendor/adminlte/js/adminlte.min.js HTTP/1.1" 304 0
[INFO] 2024-04-14 18:40:00,835 basehttp: "GET /static/jazzmin/js/main.js HTTP/1.1" 304 0
[INFO] 2024-04-14 18:40:02,077 basehttp: "GET /admin/ HTTP/1.1" 200 16715
[INFO] 2024-04-14 18:40:04,690 basehttp: "GET /admin/users/user/ HTTP/1.1" 200 18393
[INFO] 2024-04-14 18:40:04,763 basehttp: "GET /admin/jsi18n/ HTTP/1.1" 200 3342
[INFO] 2024-04-14 18:40:48,530 basehttp: "GET /admin/users/user/5a3ce7b0-399f-466c-bfb7-f86ae2c738a3/change/ HTTP/1.1" 200 31049
[INFO] 2024-04-14 18:40:48,552 basehttp: "GET /static/vendor/fontawesome-free/css/all.min.css HTTP/1.1" 304 0
[INFO] 2024-04-14 18:40:48,556 basehttp: "GET /static/vendor/adminlte/css/adminlte.min.css HTTP/1.1" 304 0
[INFO] 2024-04-14 18:40:48,561 basehttp: "GET /static/jazzmin/css/main.css HTTP/1.1" 304 0
[INFO] 2024-04-14 18:40:48,565 basehttp: "GET /static/vendor/select2/css/select2.min.css HTTP/1.1" 304 0
[INFO] 2024-04-14 18:40:48,572 basehttp: "GET /static/admin/js/jquery.init.js HTTP/1.1" 304 0
[INFO] 2024-04-14 18:40:48,573 basehttp: "GET /static/admin/js/vendor/jquery/jquery.js HTTP/1.1" 304 0
[INFO] 2024-04-14 18:40:48,573 basehttp: "GET /static/admin/js/core.js HTTP/1.1" 304 0
[INFO] 2024-04-14 18:40:48,576 basehttp: "GET /static/admin/js/admin/RelatedObjectLookups.js HTTP/1.1" 304 0
[INFO] 2024-04-14 18:40:48,579 basehttp: "GET /static/admin/js/SelectBox.js HTTP/1.1" 304 0
[INFO] 2024-04-14 18:40:48,591 basehttp: "GET /admin/jsi18n/ HTTP/1.1" 200 3342
[INFO] 2024-04-14 18:40:48,593 basehttp: "GET /static/admin/js/actions.js HTTP/1.1" 304 0
[INFO] 2024-04-14 18:40:48,605 basehttp: "GET /static/admin/js/SelectFilter2.js HTTP/1.1" 304 0
[INFO] 2024-04-14 18:40:48,615 basehttp: "GET /static/admin/js/urlify.js HTTP/1.1" 304 0
[INFO] 2024-04-14 18:40:48,626 basehttp: "GET /static/admin/js/vendor/xregexp/xregexp.js HTTP/1.1" 304 0
[INFO] 2024-04-14 18:40:48,626 basehttp: "GET /static/admin/js/prepopulate.js HTTP/1.1" 304 0
[INFO] 2024-04-14 18:40:48,639 basehttp: "GET /static/vendor/adminlte/img/AdminLTELogo.png HTTP/1.1" 304 0
[INFO] 2024-04-14 18:40:48,646 basehttp: "GET /static/admin/js/change_form.js HTTP/1.1" 304 0
[INFO] 2024-04-14 18:40:48,682 basehttp: "GET /static/vendor/adminlte/js/adminlte.min.js HTTP/1.1" 304 0
[INFO] 2024-04-14 18:40:48,682 basehttp: "GET /static/vendor/bootstrap/js/bootstrap.min.js HTTP/1.1" 304 0
[INFO] 2024-04-14 18:40:48,683 basehttp: "GET /static/admin/js/prepopulate_init.js HTTP/1.1" 304 0
[INFO] 2024-04-14 18:40:48,683 basehttp: "GET /static/jazzmin/js/main.js HTTP/1.1" 304 0
[INFO] 2024-04-14 18:40:48,687 basehttp: "GET /static/vendor/select2/js/select2.min.js HTTP/1.1" 304 0
[INFO] 2024-04-14 18:40:48,697 basehttp: "GET /static/jazzmin/js/change_form.js HTTP/1.1" 304 0
[INFO] 2024-04-14 18:40:52,504 basehttp: "GET /static/jazzmin/img/selector-icons.svg HTTP/1.1" 200 3291
[INFO] 2024-04-14 18:41:02,932 basehttp: "GET /admin/ HTTP/1.1" 200 16715
[INFO] 2024-04-14 18:41:03,703 basehttp: "GET /admin/users/user/ HTTP/1.1" 200 18393
[INFO] 2024-04-14 18:41:03,726 basehttp: "GET /static/vendor/fontawesome-free/css/all.min.css HTTP/1.1" 304 0
[INFO] 2024-04-14 18:41:03,729 basehttp: "GET /static/vendor/adminlte/css/adminlte.min.css HTTP/1.1" 304 0
[INFO] 2024-04-14 18:41:03,730 basehttp: "GET /static/jazzmin/css/main.css HTTP/1.1" 304 0
[INFO] 2024-04-14 18:41:03,736 basehttp: "GET /static/vendor/select2/css/select2.min.css HTTP/1.1" 304 0
[INFO] 2024-04-14 18:41:03,740 basehttp: "GET /static/admin/js/vendor/jquery/jquery.js HTTP/1.1" 304 0
[INFO] 2024-04-14 18:41:03,743 basehttp: "GET /static/admin/js/jquery.init.js HTTP/1.1" 304 0
[INFO] 2024-04-14 18:41:03,743 basehttp: "GET /static/admin/js/core.js HTTP/1.1" 304 0
[INFO] 2024-04-14 18:41:03,747 basehttp: "GET /static/admin/js/urlify.js HTTP/1.1" 304 0
[INFO] 2024-04-14 18:41:03,747 basehttp: "GET /static/admin/js/admin/RelatedObjectLookups.js HTTP/1.1" 304 0
[INFO] 2024-04-14 18:41:03,749 basehttp: "GET /static/admin/js/actions.js HTTP/1.1" 304 0
[INFO] 2024-04-14 18:41:03,760 basehttp: "GET /admin/jsi18n/ HTTP/1.1" 200 3342
[INFO] 2024-04-14 18:41:03,765 basehttp: "GET /static/admin/js/prepopulate.js HTTP/1.1" 304 0
[INFO] 2024-04-14 18:41:03,778 basehttp: "GET /static/admin/js/vendor/xregexp/xregexp.js HTTP/1.1" 304 0
[INFO] 2024-04-14 18:41:03,788 basehttp: "GET /static/vendor/adminlte/img/AdminLTELogo.png HTTP/1.1" 304 0
[INFO] 2024-04-14 18:41:03,796 basehttp: "GET /static/admin/img/icon-yes.svg HTTP/1.1" 304 0
[INFO] 2024-04-14 18:41:03,832 basehttp: "GET /static/jazzmin/js/main.js HTTP/1.1" 304 0
[INFO] 2024-04-14 18:41:03,833 basehttp: "GET /static/vendor/select2/js/select2.min.js HTTP/1.1" 304 0
[INFO] 2024-04-14 18:41:03,833 basehttp: "GET /static/vendor/adminlte/js/adminlte.min.js HTTP/1.1" 304 0
[INFO] 2024-04-14 18:41:03,833 basehttp: "GET /static/vendor/bootstrap/js/bootstrap.min.js HTTP/1.1" 304 0
[INFO] 2024-04-14 18:41:03,846 basehttp: "GET /static/jazzmin/js/change_list.js HTTP/1.1" 304 0
[INFO] 2024-04-14 18:41:04,609 basehttp: "GET /admin/users/groupproxy/ HTTP/1.1" 200 12318
[INFO] 2024-04-14 18:41:04,639 basehttp: "GET /admin/jsi18n/ HTTP/1.1" 200 3342
[INFO] 2024-04-14 18:41:05,386 basehttp: "GET /admin/users/permissionproxy/ HTTP/1.1" 200 34664
[INFO] 2024-04-14 18:41:05,414 basehttp: "GET /admin/jsi18n/ HTTP/1.1" 200 3342
[INFO] 2024-04-14 18:41:07,065 basehttp: "GET /admin/ HTTP/1.1" 200 16715
[INFO] 2024-04-14 18:41:08,242 basehttp: "GET /admin/ HTTP/1.1" 200 16715
[INFO] 2024-04-14 18:41:09,339 basehttp: "GET /admin/users/user/ HTTP/1.1" 200 18393
[INFO] 2024-04-14 18:41:09,374 basehttp: "GET /admin/jsi18n/ HTTP/1.1" 200 3342
[INFO] 2024-04-14 18:41:15,666 basehttp: "GET /admin/users/user/ HTTP/1.1" 200 11510
[INFO] 2024-04-14 18:41:15,682 basehttp: "GET /static/admin/css/base.css HTTP/1.1" 304 0
[INFO] 2024-04-14 18:41:15,684 basehttp: "GET /static/admin/css/changelists.css HTTP/1.1" 200 6811
[INFO] 2024-04-14 18:41:15,686 basehttp: "GET /static/admin/css/dark_mode.css HTTP/1.1" 304 0
[INFO] 2024-04-14 18:41:15,687 basehttp: "GET /static/admin/css/nav_sidebar.css HTTP/1.1" 304 0
[INFO] 2024-04-14 18:41:15,692 basehttp: "GET /static/admin/css/responsive.css HTTP/1.1" 304 0
[INFO] 2024-04-14 18:41:15,697 basehttp: "GET /static/admin/img/search.svg HTTP/1.1" 200 458
[INFO] 2024-04-14 18:41:15,706 basehttp: "GET /admin/jsi18n/ HTTP/1.1" 200 3342
[INFO] 2024-04-14 18:41:15,742 basehttp: "GET /static/admin/js/theme.js HTTP/1.1" 304 0
[INFO] 2024-04-14 18:41:15,751 basehttp: "GET /static/admin/js/nav_sidebar.js HTTP/1.1" 304 0
[INFO] 2024-04-14 18:41:15,752 basehttp: "GET /static/admin/js/filters.js HTTP/1.1" 200 978
[INFO] 2024-04-14 18:41:15,770 basehttp: "GET /static/admin/img/icon-addlink.svg HTTP/1.1" 304 0
[INFO] 2024-04-14 18:41:15,770 basehttp: "GET /static/admin/img/tooltag-add.svg HTTP/1.1" 200 331
[INFO] 2024-04-14 18:41:15,771 basehttp: "GET /static/admin/img/icon-viewlink.svg HTTP/1.1" 200 581
[INFO] 2024-04-14 18:45:28,652 basehttp: "GET /admin/users/user/ HTTP/1.1" 200 18393
[INFO] 2024-04-14 18:45:28,668 basehttp: "GET /static/vendor/fontawesome-free/css/all.min.css HTTP/1.1" 304 0
[INFO] 2024-04-14 18:45:28,670 basehttp: "GET /static/vendor/adminlte/css/adminlte.min.css HTTP/1.1" 304 0
[INFO] 2024-04-14 18:45:28,674 basehttp: "GET /static/jazzmin/css/main.css HTTP/1.1" 304 0
[INFO] 2024-04-14 18:45:28,681 basehttp: "GET /static/admin/js/jquery.init.js HTTP/1.1" 304 0
[INFO] 2024-04-14 18:45:28,681 basehttp: "GET /static/admin/js/core.js HTTP/1.1" 304 0
[INFO] 2024-04-14 18:45:28,681 basehttp: "GET /static/admin/js/vendor/jquery/jquery.js HTTP/1.1" 304 0
[INFO] 2024-04-14 18:45:28,682 basehttp: "GET /static/vendor/select2/css/select2.min.css HTTP/1.1" 304 0
[INFO] 2024-04-14 18:45:28,685 basehttp: "GET /static/admin/js/admin/RelatedObjectLookups.js HTTP/1.1" 304 0
[INFO] 2024-04-14 18:45:28,688 basehttp: "GET /static/admin/js/actions.js HTTP/1.1" 304 0
[INFO] 2024-04-14 18:45:28,694 basehttp: "GET /admin/jsi18n/ HTTP/1.1" 200 3342
[INFO] 2024-04-14 18:45:28,697 basehttp: "GET /static/admin/js/urlify.js HTTP/1.1" 304 0
[INFO] 2024-04-14 18:45:28,712 basehttp: "GET /static/admin/js/prepopulate.js HTTP/1.1" 304 0
[INFO] 2024-04-14 18:45:28,732 basehttp: "GET /static/admin/js/vendor/xregexp/xregexp.js HTTP/1.1" 304 0
[INFO] 2024-04-14 18:45:28,737 basehttp: "GET /static/vendor/adminlte/img/AdminLTELogo.png HTTP/1.1" 304 0
[INFO] 2024-04-14 18:45:28,737 basehttp: "GET /static/admin/img/icon-yes.svg HTTP/1.1" 304 0
[INFO] 2024-04-14 18:45:28,788 basehttp: "GET /static/vendor/bootstrap/js/bootstrap.min.js HTTP/1.1" 304 0
[INFO] 2024-04-14 18:45:28,788 basehttp: "GET /static/vendor/adminlte/js/adminlte.min.js HTTP/1.1" 304 0
[INFO] 2024-04-14 18:45:28,794 basehttp: "GET /static/jazzmin/js/main.js HTTP/1.1" 304 0
[INFO] 2024-04-14 18:45:28,795 basehttp: "GET /static/jazzmin/js/change_list.js HTTP/1.1" 304 0
[INFO] 2024-04-14 18:45:28,795 basehttp: "GET /static/vendor/select2/js/select2.min.js HTTP/1.1" 304 0
[INFO] 2024-04-14 18:45:28,822 basehttp: "GET /static/vendor/fontawesome-free/webfonts/fa-regular-400.woff2 HTTP/1.1" 304 0
[INFO] 2024-04-14 18:45:28,822 basehttp: "GET /static/vendor/fontawesome-free/webfonts/fa-solid-900.woff2 HTTP/1.1" 304 0
[INFO] 2024-04-14 18:45:31,322 basehttp: "GET /admin/users/user/5a3ce7b0-399f-466c-bfb7-f86ae2c738a3/change/ HTTP/1.1" 200 31049
[INFO] 2024-04-14 18:45:31,344 basehttp: "GET /static/admin/js/SelectFilter2.js HTTP/1.1" 304 0
[INFO] 2024-04-14 18:45:31,345 basehttp: "GET /static/admin/js/SelectBox.js HTTP/1.1" 304 0
[INFO] 2024-04-14 18:45:31,345 basehttp: "GET /static/admin/js/change_form.js HTTP/1.1" 304 0
[INFO] 2024-04-14 18:45:31,357 basehttp: "GET /static/admin/js/prepopulate_init.js HTTP/1.1" 304 0
[INFO] 2024-04-14 18:45:31,360 basehttp: "GET /static/jazzmin/js/change_form.js HTTP/1.1" 304 0
[INFO] 2024-04-14 18:45:31,361 basehttp: "GET /admin/jsi18n/ HTTP/1.1" 200 3342
[INFO] 2024-04-14 18:45:32,344 basehttp: "GET /admin/ HTTP/1.1" 200 16716
[INFO] 2024-04-14 18:45:36,286 basehttp: "GET /admin/users/user/ HTTP/1.1" 200 18393
[INFO] 2024-04-14 18:45:36,318 basehttp: "GET /admin/jsi18n/ HTTP/1.1" 200 3342
[INFO] 2024-04-14 18:45:36,872 basehttp: "GET /admin/users/groupproxy/ HTTP/1.1" 200 12318
[INFO] 2024-04-14 18:45:36,904 basehttp: "GET /admin/jsi18n/ HTTP/1.1" 200 3342
[INFO] 2024-04-14 18:45:37,359 basehttp: "GET /admin/users/permissionproxy/ HTTP/1.1" 200 34664
[INFO] 2024-04-14 18:45:37,391 basehttp: "GET /admin/jsi18n/ HTTP/1.1" 200 3342
[INFO] 2024-04-14 18:45:37,725 basehttp: "GET /admin/users/groupproxy/ HTTP/1.1" 200 12318
[INFO] 2024-04-14 18:45:37,756 basehttp: "GET /admin/jsi18n/ HTTP/1.1" 200 3342
[INFO] 2024-04-14 18:45:38,140 basehttp: "GET /admin/users/user/ HTTP/1.1" 200 18393
[INFO] 2024-04-14 18:45:38,174 basehttp: "GET /admin/jsi18n/ HTTP/1.1" 200 3342
[INFO] 2024-04-14 18:45:38,619 basehttp: "GET /admin/users/groupproxy/ HTTP/1.1" 200 12318
[INFO] 2024-04-14 18:45:38,648 basehttp: "GET /admin/jsi18n/ HTTP/1.1" 200 3342
[INFO] 2024-04-14 18:45:39,084 basehttp: "GET /admin/users/permissionproxy/ HTTP/1.1" 200 34664
[INFO] 2024-04-14 18:45:39,122 basehttp: "GET /admin/jsi18n/ HTTP/1.1" 200 3342
[INFO] 2024-04-14 18:45:39,394 basehttp: "GET /admin/users/groupproxy/ HTTP/1.1" 200 12318
[INFO] 2024-04-14 18:45:39,425 basehttp: "GET /admin/jsi18n/ HTTP/1.1" 200 3342
[INFO] 2024-04-14 18:45:39,871 basehttp: "GET /admin/users/user/ HTTP/1.1" 200 18393
[INFO] 2024-04-14 18:45:39,901 basehttp: "GET /admin/jsi18n/ HTTP/1.1" 200 3342
[INFO] 2024-04-14 18:45:49,791 basehttp: "GET /admin/users/groupproxy/ HTTP/1.1" 200 12318
[INFO] 2024-04-14 18:45:49,826 basehttp: "GET /admin/jsi18n/ HTTP/1.1" 200 3342
[INFO] 2024-04-14 18:45:50,318 basehttp: "GET /admin/users/permissionproxy/ HTTP/1.1" 200 34664
[INFO] 2024-04-14 18:45:50,388 basehttp: "GET /admin/jsi18n/ HTTP/1.1" 200 3342
[INFO] 2024-04-14 18:45:50,715 basehttp: "GET /admin/users/user/ HTTP/1.1" 200 18393
[INFO] 2024-04-14 18:45:50,747 basehttp: "GET /admin/jsi18n/ HTTP/1.1" 200 3342
[INFO] 2024-04-14 18:45:51,113 basehttp: "GET /admin/users/groupproxy/ HTTP/1.1" 200 12318
[INFO] 2024-04-14 18:45:51,145 basehttp: "GET /admin/jsi18n/ HTTP/1.1" 200 3342
[INFO] 2024-04-14 18:45:51,679 basehttp: "GET /admin/users/permissionproxy/ HTTP/1.1" 200 34664
[INFO] 2024-04-14 18:45:51,709 basehttp: "GET /admin/jsi18n/ HTTP/1.1" 200 3342
[INFO] 2024-04-14 18:45:52,132 basehttp: "GET /admin/users/user/ HTTP/1.1" 200 18393
[INFO] 2024-04-14 18:45:52,166 basehttp: "GET /admin/jsi18n/ HTTP/1.1" 200 3342
[INFO] 2024-04-14 18:45:52,719 basehttp: "GET /admin/users/groupproxy/ HTTP/1.1" 200 12318
[INFO] 2024-04-14 18:45:52,754 basehttp: "GET /admin/jsi18n/ HTTP/1.1" 200 3342
[INFO] 2024-04-14 18:45:53,473 basehttp: "GET /admin/users/user/ HTTP/1.1" 200 18393
[INFO] 2024-04-14 18:45:53,505 basehttp: "GET /admin/jsi18n/ HTTP/1.1" 200 3342
[INFO] 2024-04-14 18:46:04,887 basehttp: "GET /admin/ HTTP/1.1" 200 16716
[INFO] 2024-04-14 18:46:07,479 basehttp: "GET /admin/users/user/ HTTP/1.1" 200 18393
[INFO] 2024-04-14 18:46:07,510 basehttp: "GET /admin/jsi18n/ HTTP/1.1" 200 3342
[INFO] 2024-04-14 18:46:10,959 basehttp: "GET /admin/ HTTP/1.1" 200 16716
[INFO] 2024-04-14 18:46:13,051 basehttp: "GET /admin/users/user/5a3ce7b0-399f-466c-bfb7-f86ae2c738a3/change/ HTTP/1.1" 200 31049
[INFO] 2024-04-14 18:46:13,076 basehttp: "GET /static/vendor/fontawesome-free/css/all.min.css HTTP/1.1" 304 0
[INFO] 2024-04-14 18:46:13,076 basehttp: "GET /static/vendor/adminlte/css/adminlte.min.css HTTP/1.1" 304 0
[INFO] 2024-04-14 18:46:13,090 basehttp: "GET /static/vendor/select2/css/select2.min.css HTTP/1.1" 304 0
[INFO] 2024-04-14 18:46:13,093 basehttp: "GET /static/jazzmin/css/main.css HTTP/1.1" 304 0
[INFO] 2024-04-14 18:46:13,093 basehttp: "GET /static/admin/js/vendor/jquery/jquery.js HTTP/1.1" 304 0
[INFO] 2024-04-14 18:46:13,093 basehttp: "GET /static/admin/js/jquery.init.js HTTP/1.1" 304 0
[INFO] 2024-04-14 18:46:13,098 basehttp: "GET /static/admin/js/admin/RelatedObjectLookups.js HTTP/1.1" 304 0
[INFO] 2024-04-14 18:46:13,100 basehttp: "GET /static/admin/js/urlify.js HTTP/1.1" 304 0
[INFO] 2024-04-14 18:46:13,101 basehttp: "GET /static/admin/js/core.js HTTP/1.1" 304 0
[INFO] 2024-04-14 18:46:13,103 basehttp: "GET /static/admin/js/actions.js HTTP/1.1" 304 0
[INFO] 2024-04-14 18:46:13,113 basehttp: "GET /admin/jsi18n/ HTTP/1.1" 200 3342
[INFO] 2024-04-14 18:46:13,117 basehttp: "GET /static/admin/js/prepopulate.js HTTP/1.1" 304 0
[INFO] 2024-04-14 18:46:13,124 basehttp: "GET /static/admin/js/vendor/xregexp/xregexp.js HTTP/1.1" 304 0
[INFO] 2024-04-14 18:46:13,142 basehttp: "GET /static/vendor/adminlte/img/AdminLTELogo.png HTTP/1.1" 304 0
[INFO] 2024-04-14 18:46:13,160 basehttp: "GET /static/vendor/bootstrap/js/bootstrap.min.js HTTP/1.1" 304 0
[INFO] 2024-04-14 18:46:13,179 basehttp: "GET /static/vendor/adminlte/js/adminlte.min.js HTTP/1.1" 304 0
[INFO] 2024-04-14 18:46:13,179 basehttp: "GET /static/jazzmin/js/main.js HTTP/1.1" 304 0
[INFO] 2024-04-14 18:46:13,180 basehttp: "GET /static/vendor/select2/js/select2.min.js HTTP/1.1" 304 0
[WARNING] 2024-04-14 18:46:16,346 basehttp: "GET /admin/logout/ HTTP/1.1" 405 0
[WARNING] 2024-04-14 18:46:18,438 basehttp: "GET /admin/logout/ HTTP/1.1" 405 0
[INFO] 2024-04-14 18:46:20,718 basehttp: "GET /admin HTTP/1.1" 301 0
[INFO] 2024-04-14 18:46:20,769 basehttp: "GET /admin/ HTTP/1.1" 200 16716
[INFO] 2024-04-14 18:46:20,905 basehttp: "GET /static/vendor/fontawesome-free/webfonts/fa-solid-900.woff2 HTTP/1.1" 304 0
[INFO] 2024-04-14 18:46:20,905 basehttp: "GET /static/vendor/fontawesome-free/webfonts/fa-regular-400.woff2 HTTP/1.1" 304 0
[INFO] 2024-04-14 18:46:23,274 basehttp: "GET /admin/ HTTP/1.1" 200 16716
[WARNING] 2024-04-14 18:46:25,277 basehttp: "GET // HTTP/1.1" 404 2763
[WARNING] 2024-04-14 18:46:25,342 basehttp: "GET /favicon.ico HTTP/1.1" 404 2814
[WARNING] 2024-04-14 18:46:26,700 basehttp: "GET / HTTP/1.1" 404 2763
[INFO] 2024-04-14 18:46:30,965 basehttp: "GET /admin/ HTTP/1.1" 200 16716
[INFO] 2024-04-14 18:46:36,749 basehttp: "GET /admin/ HTTP/1.1" 200 16716
[INFO] 2024-04-14 18:46:36,817 basehttp: "GET /static/vendor/adminlte/img/AdminLTELogo.png HTTP/1.1" 200 2637
[INFO] 2024-04-14 18:46:36,818 basehttp: "GET /static/jazzmin/css/main.css HTTP/1.1" 200 16969
[INFO] 2024-04-14 18:46:36,823 basehttp: "GET /static/vendor/adminlte/css/adminlte.min.css HTTP/1.1" 200 1382975
[INFO] 2024-04-14 18:46:36,826 basehttp: "GET /static/admin/js/vendor/jquery/jquery.js HTTP/1.1" 200 285314
[INFO] 2024-04-14 18:46:36,826 basehttp: "GET /static/vendor/fontawesome-free/css/all.min.css HTTP/1.1" 200 59344
[INFO] 2024-04-14 18:46:36,827 basehttp: "GET /static/vendor/bootstrap/js/bootstrap.min.js HTTP/1.1" 200 62440
[INFO] 2024-04-14 18:46:36,834 basehttp: "GET /static/jazzmin/js/main.js HTTP/1.1" 200 2391
[INFO] 2024-04-14 18:46:36,834 basehttp: "GET /static/vendor/adminlte/js/adminlte.min.js HTTP/1.1" 200 44244
[INFO] 2024-04-14 18:46:37,085 basehttp: "GET /static/vendor/fontawesome-free/webfonts/fa-solid-900.woff2 HTTP/1.1" 200 78196
[INFO] 2024-04-14 18:46:37,085 basehttp: "GET /static/vendor/fontawesome-free/webfonts/fa-regular-400.woff2 HTTP/1.1" 200 13276
[INFO] 2024-04-14 18:46:39,418 basehttp: "GET /admin/ HTTP/1.1" 302 0
[INFO] 2024-04-14 18:46:39,437 basehttp: "GET /admin/login/?next=/admin/ HTTP/1.1" 200 3062
[INFO] 2024-04-14 18:46:39,463 basehttp: "GET /static/vendor/fontawesome-free/css/all.min.css HTTP/1.1" 200 59344
[INFO] 2024-04-14 18:46:39,471 basehttp: "GET /static/vendor/adminlte/css/adminlte.min.css HTTP/1.1" 200 1382975
[INFO] 2024-04-14 18:46:39,500 basehttp: "GET /static/jazzmin/css/main.css HTTP/1.1" 200 16969
[INFO] 2024-04-14 18:46:39,501 basehttp: "GET /static/vendor/adminlte/js/adminlte.min.js HTTP/1.1" 200 44244
[INFO] 2024-04-14 18:46:39,501 basehttp: "GET /static/vendor/bootstrap/js/bootstrap.min.js HTTP/1.1" 200 62440
[INFO] 2024-04-14 18:46:39,502 basehttp: "GET /static/admin/js/vendor/jquery/jquery.js HTTP/1.1" 200 285314
[INFO] 2024-04-14 18:46:39,503 basehttp: "GET /static/vendor/adminlte/img/AdminLTELogo.png HTTP/1.1" 200 2637
[INFO] 2024-04-14 18:46:39,709 basehttp: "GET /static/vendor/fontawesome-free/webfonts/fa-solid-900.woff2 HTTP/1.1" 200 78196
[INFO] 2024-04-14 18:53:17,517 basehttp: "GET /admin/ HTTP/1.1" 200 16716
[INFO] 2024-04-14 18:53:17,556 basehttp: "GET /static/vendor/fontawesome-free/css/all.min.css HTTP/1.1" 200 59344
[INFO] 2024-04-14 18:53:17,587 basehttp: "GET /static/jazzmin/css/main.css HTTP/1.1" 200 16969
[INFO] 2024-04-14 18:53:17,588 basehttp: "GET /static/vendor/adminlte/img/AdminLTELogo.png HTTP/1.1" 200 2637
[INFO] 2024-04-14 18:53:17,589 basehttp: "GET /static/vendor/adminlte/js/adminlte.min.js HTTP/1.1" 200 44244
[INFO] 2024-04-14 18:53:17,596 basehttp: "GET /static/vendor/bootstrap/js/bootstrap.min.js HTTP/1.1" 200 62440
[INFO] 2024-04-14 18:53:17,599 basehttp: "GET /static/admin/js/vendor/jquery/jquery.js HTTP/1.1" 200 285314
[INFO] 2024-04-14 18:53:17,600 basehttp: "GET /static/vendor/adminlte/css/adminlte.min.css HTTP/1.1" 200 1382975
[INFO] 2024-04-14 18:53:17,624 basehttp: "GET /static/jazzmin/js/main.js HTTP/1.1" 200 2391
[INFO] 2024-04-14 18:53:17,661 basehttp: "GET /static/vendor/fontawesome-free/webfonts/fa-regular-400.woff2 HTTP/1.1" 200 13276
[INFO] 2024-04-14 18:53:17,661 basehttp: "GET /static/vendor/fontawesome-free/webfonts/fa-solid-900.woff2 HTTP/1.1" 200 78196
[INFO] 2024-04-14 18:53:18,836 basehttp: "GET /admin/workflow/testmodel/ HTTP/1.1" 200 15265
[INFO] 2024-04-14 18:53:18,860 basehttp: "GET /static/admin/js/jquery.init.js HTTP/1.1" 200 347
[INFO] 2024-04-14 18:53:18,861 basehttp: "GET /static/vendor/select2/css/select2.min.css HTTP/1.1" 200 16264
[INFO] 2024-04-14 18:53:18,861 basehttp: "GET /static/admin/js/admin/RelatedObjectLookups.js HTTP/1.1" 200 9042
[INFO] 2024-04-14 18:53:18,861 basehttp: "GET /static/admin/js/actions.js HTTP/1.1" 200 8067
[INFO] 2024-04-14 18:53:18,861 basehttp: "GET /static/admin/js/core.js HTTP/1.1" 200 6208
[INFO] 2024-04-14 18:53:18,869 basehttp: "GET /static/admin/js/urlify.js HTTP/1.1" 200 7887
[INFO] 2024-04-14 18:53:18,872 basehttp: "GET /static/admin/js/prepopulate.js HTTP/1.1" 200 1531
[INFO] 2024-04-14 18:53:18,878 basehttp: "GET /admin/jsi18n/ HTTP/1.1" 200 3342
[INFO] 2024-04-14 18:53:18,879 basehttp: "GET /static/admin/js/vendor/xregexp/xregexp.js HTTP/1.1" 200 325171
[INFO] 2024-04-14 18:53:18,886 basehttp: "GET /static/vendor/select2/js/select2.min.js HTTP/1.1" 200 73170
[INFO] 2024-04-14 18:53:18,890 basehttp: "GET /static/jazzmin/js/change_list.js HTTP/1.1" 200 2252
[INFO] 2024-04-14 18:53:19,834 basehttp: "GET /admin/workflow/testmodel/eb5b0013-825c-4c40-a602-6930e529ebd3/change/ HTTP/1.1" 200 15147
[INFO] 2024-04-14 18:53:19,854 basehttp: "GET /static/vendor/fontawesome-free/css/all.min.css HTTP/1.1" 304 0
[INFO] 2024-04-14 18:53:19,855 basehttp: "GET /static/vendor/adminlte/css/adminlte.min.css HTTP/1.1" 304 0
[INFO] 2024-04-14 18:53:19,860 basehttp: "GET /static/vendor/adminlte/img/AdminLTELogo.png HTTP/1.1" 304 0
[INFO] 2024-04-14 18:53:19,861 basehttp: "GET /static/admin/js/change_form.js HTTP/1.1" 200 606
[INFO] 2024-04-14 18:53:19,861 basehttp: "GET /static/jazzmin/css/main.css HTTP/1.1" 304 0
[INFO] 2024-04-14 18:53:19,867 basehttp: "GET /static/vendor/bootstrap/js/bootstrap.min.js HTTP/1.1" 304 0
[INFO] 2024-04-14 18:53:19,868 basehttp: "GET /static/admin/js/prepopulate_init.js HTTP/1.1" 200 586
[INFO] 2024-04-14 18:53:19,876 basehttp: "GET /admin/jsi18n/ HTTP/1.1" 200 3342
[INFO] 2024-04-14 18:53:19,921 basehttp: "GET /static/jazzmin/js/main.js HTTP/1.1" 304 0
[INFO] 2024-04-14 18:53:19,921 basehttp: "GET /static/vendor/adminlte/js/adminlte.min.js HTTP/1.1" 304 0
[INFO] 2024-04-14 18:53:19,922 basehttp: "GET /static/jazzmin/js/change_form.js HTTP/1.1" 200 6052
[INFO] 2024-04-14 18:53:28,849 basehttp: "GET /admin/ HTTP/1.1" 200 16716
[INFO] 2024-04-14 18:53:28,869 basehttp: "GET /static/vendor/fontawesome-free/css/all.min.css HTTP/1.1" 304 0
[INFO] 2024-04-14 18:53:28,875 basehttp: "GET /static/vendor/adminlte/css/adminlte.min.css HTTP/1.1" 304 0
[INFO] 2024-04-14 18:53:28,876 basehttp: "GET /static/vendor/bootstrap/js/bootstrap.min.js HTTP/1.1" 304 0
[INFO] 2024-04-14 18:53:28,876 basehttp: "GET /static/jazzmin/css/main.css HTTP/1.1" 304 0
[INFO] 2024-04-14 18:53:28,876 basehttp: "GET /static/admin/js/vendor/jquery/jquery.js HTTP/1.1" 304 0
[INFO] 2024-04-14 18:53:28,876 basehttp: "GET /static/vendor/adminlte/img/AdminLTELogo.png HTTP/1.1" 304 0
[INFO] 2024-04-14 18:53:28,882 basehttp: "GET /static/vendor/adminlte/js/adminlte.min.js HTTP/1.1" 304 0
[INFO] 2024-04-14 18:53:28,883 basehttp: "GET /static/jazzmin/js/main.js HTTP/1.1" 304 0
[INFO] 2024-04-14 18:53:35,635 basehttp: "GET /schema/swagger HTTP/1.1" 301 0
[INFO] 2024-04-14 18:53:35,661 basehttp: "GET /schema/swagger/ HTTP/1.1" 200 4645
[INFO] 2024-04-14 18:53:36,169 basehttp: "GET /schema/ HTTP/1.1" 200 23429
[INFO] 2024-04-14 18:53:39,186 basehttp: "GET /admin/ HTTP/1.1" 200 16716
[INFO] 2024-04-14 18:58:03,911 basehttp: "GET /admin/ HTTP/1.1" 200 16716
[INFO] 2024-04-14 18:58:03,935 basehttp: "GET /static/vendor/fontawesome-free/css/all.min.css HTTP/1.1" 200 59344
[INFO] 2024-04-14 18:58:03,940 basehttp: "GET /static/vendor/adminlte/css/adminlte.min.css HTTP/1.1" 200 1382975
[INFO] 2024-04-14 18:58:03,944 basehttp: "GET /static/jazzmin/css/main.css HTTP/1.1" 200 16969
[INFO] 2024-04-14 18:58:04,099 basehttp: "GET /static/vendor/bootstrap/js/bootstrap.min.js HTTP/1.1" 200 62440
[INFO] 2024-04-14 18:58:04,132 basehttp: "GET /static/vendor/adminlte/img/AdminLTELogo.png HTTP/1.1" 200 2637
[INFO] 2024-04-14 18:58:04,137 basehttp: "GET /static/admin/js/vendor/jquery/jquery.js HTTP/1.1" 200 285314
[INFO] 2024-04-14 18:58:04,439 basehttp: "GET /static/vendor/adminlte/js/adminlte.min.js HTTP/1.1" 200 44244
[INFO] 2024-04-14 18:58:04,449 basehttp: "GET /static/jazzmin/js/main.js HTTP/1.1" 200 2391
[INFO] 2024-04-14 18:58:09,212 basehttp: "GET /static/vendor/fontawesome-free/webfonts/fa-regular-400.woff2 HTTP/1.1" 200 13276
[INFO] 2024-04-14 18:58:09,217 basehttp: "GET /static/vendor/fontawesome-free/webfonts/fa-solid-900.woff2 HTTP/1.1" 200 78196
[INFO] 2024-04-14 18:58:09,265 basehttp: "GET /static/vendor/adminlte/img/AdminLTELogo.png HTTP/1.1" 304 0
[INFO] 2024-04-14 18:58:10,748 basehttp: "GET /admin/users/user/ HTTP/1.1" 200 18393
[INFO] 2024-04-14 18:58:10,765 basehttp: "GET /static/vendor/fontawesome-free/css/all.min.css HTTP/1.1" 304 0
[INFO] 2024-04-14 18:58:10,773 basehttp: "GET /static/vendor/adminlte/css/adminlte.min.css HTTP/1.1" 304 0
[INFO] 2024-04-14 18:58:10,778 basehttp: "GET /static/jazzmin/css/main.css HTTP/1.1" 304 0
[INFO] 2024-04-14 18:58:10,781 basehttp: "GET /static/admin/js/jquery.init.js HTTP/1.1" 200 347
[INFO] 2024-04-14 18:58:10,782 basehttp: "GET /static/admin/js/vendor/jquery/jquery.js HTTP/1.1" 304 0
[INFO] 2024-04-14 18:58:10,782 basehttp: "GET /static/admin/js/core.js HTTP/1.1" 200 6208
[INFO] 2024-04-14 18:58:10,783 basehttp: "GET /static/vendor/select2/css/select2.min.css HTTP/1.1" 200 16264
[INFO] 2024-04-14 18:58:10,786 basehttp: "GET /static/admin/js/admin/RelatedObjectLookups.js HTTP/1.1" 200 9042
[INFO] 2024-04-14 18:58:10,789 basehttp: "GET /static/admin/js/actions.js HTTP/1.1" 200 8067
[INFO] 2024-04-14 18:58:10,795 basehttp: "GET /admin/jsi18n/ HTTP/1.1" 200 3342
[INFO] 2024-04-14 18:58:10,808 basehttp: "GET /static/admin/js/urlify.js HTTP/1.1" 200 7887
[INFO] 2024-04-14 18:58:10,809 basehttp: "GET /static/admin/js/prepopulate.js HTTP/1.1" 200 1531
[INFO] 2024-04-14 18:58:10,811 basehttp: "GET /static/admin/js/vendor/xregexp/xregexp.js HTTP/1.1" 200 325171
[INFO] 2024-04-14 18:58:11,170 basehttp: "GET /static/vendor/bootstrap/js/bootstrap.min.js HTTP/1.1" 304 0
[INFO] 2024-04-14 18:58:11,171 basehttp: "GET /static/admin/img/icon-yes.svg HTTP/1.1" 200 436
[INFO] 2024-04-14 18:58:11,178 basehttp: "GET /static/jazzmin/js/main.js HTTP/1.1" 304 0
[INFO] 2024-04-14 18:58:11,178 basehttp: "GET /static/vendor/adminlte/js/adminlte.min.js HTTP/1.1" 304 0
[INFO] 2024-04-14 18:58:11,241 basehttp: "GET /static/jazzmin/js/change_list.js HTTP/1.1" 200 2252
[INFO] 2024-04-14 18:58:11,241 basehttp: "GET /static/vendor/select2/js/select2.min.js HTTP/1.1" 200 73170
[INFO] 2024-04-14 18:58:11,458 basehttp: "GET /admin/users/groupproxy/ HTTP/1.1" 200 12318
[INFO] 2024-04-14 18:58:11,479 basehttp: "GET /static/vendor/adminlte/img/AdminLTELogo.png HTTP/1.1" 304 0
[INFO] 2024-04-14 18:58:11,492 basehttp: "GET /admin/jsi18n/ HTTP/1.1" 200 3342
[INFO] 2024-04-14 18:58:12,184 basehttp: "GET /admin/users/permissionproxy/ HTTP/1.1" 200 34664
[INFO] 2024-04-14 18:58:12,213 basehttp: "GET /admin/jsi18n/ HTTP/1.1" 200 3342
[ERROR] 2024-04-14 18:58:13,004 basehttp: "GET /admin/workflow/testmodel/ HTTP/1.1" 500 163959
[INFO] 2024-04-14 18:58:36,289 basehttp: "GET /admin/workflow/testmodel/ HTTP/1.1" 200 15263
[INFO] 2024-04-14 18:58:36,305 basehttp: "GET /static/vendor/fontawesome-free/css/all.min.css HTTP/1.1" 304 0
[INFO] 2024-04-14 18:58:36,307 basehttp: "GET /static/vendor/adminlte/css/adminlte.min.css HTTP/1.1" 304 0
[INFO] 2024-04-14 18:58:36,310 basehttp: "GET /static/jazzmin/css/main.css HTTP/1.1" 304 0
[INFO] 2024-04-14 18:58:36,314 basehttp: "GET /static/admin/js/vendor/jquery/jquery.js HTTP/1.1" 304 0
[INFO] 2024-04-14 18:58:36,316 basehttp: "GET /static/vendor/select2/css/select2.min.css HTTP/1.1" 304 0
[INFO] 2024-04-14 18:58:36,316 basehttp: "GET /static/admin/js/jquery.init.js HTTP/1.1" 304 0
[INFO] 2024-04-14 18:58:36,320 basehttp: "GET /static/admin/js/core.js HTTP/1.1" 304 0
[INFO] 2024-04-14 18:58:36,323 basehttp: "GET /static/admin/js/admin/RelatedObjectLookups.js HTTP/1.1" 304 0
[INFO] 2024-04-14 18:58:36,323 basehttp: "GET /static/admin/js/actions.js HTTP/1.1" 304 0
[INFO] 2024-04-14 18:58:36,334 basehttp: "GET /admin/jsi18n/ HTTP/1.1" 200 3342
[INFO] 2024-04-14 18:58:36,336 basehttp: "GET /static/admin/js/urlify.js HTTP/1.1" 304 0
[INFO] 2024-04-14 18:58:36,354 basehttp: "GET /static/admin/js/prepopulate.js HTTP/1.1" 304 0
[INFO] 2024-04-14 18:58:36,366 basehttp: "GET /static/vendor/adminlte/img/AdminLTELogo.png HTTP/1.1" 304 0
[INFO] 2024-04-14 18:58:36,366 basehttp: "GET /static/admin/js/vendor/xregexp/xregexp.js HTTP/1.1" 304 0
[INFO] 2024-04-14 18:58:36,375 basehttp: "GET /static/vendor/bootstrap/js/bootstrap.min.js HTTP/1.1" 304 0
[INFO] 2024-04-14 18:58:36,421 basehttp: "GET /static/vendor/select2/js/select2.min.js HTTP/1.1" 304 0
[INFO] 2024-04-14 18:58:36,422 basehttp: "GET /static/vendor/adminlte/js/adminlte.min.js HTTP/1.1" 304 0
[INFO] 2024-04-14 18:58:36,423 basehttp: "GET /static/jazzmin/js/main.js HTTP/1.1" 304 0
[INFO] 2024-04-14 18:58:36,423 basehttp: "GET /static/jazzmin/js/change_list.js HTTP/1.1" 304 0
[INFO] 2024-04-14 18:58:37,671 basehttp: "GET /admin/workflow/testmodel/eb5b0013-825c-4c40-a602-6930e529ebd3/change/ HTTP/1.1" 200 20223
[INFO] 2024-04-14 18:58:37,689 basehttp: "GET /static/admin/js/change_form.js HTTP/1.1" 200 606
[INFO] 2024-04-14 18:58:37,690 basehttp: "GET /static/admin/js/prepopulate_init.js HTTP/1.1" 200 586
[INFO] 2024-04-14 18:58:37,695 basehttp: "GET /static/jazzmin/js/change_form.js HTTP/1.1" 200 6052
[INFO] 2024-04-14 18:58:37,702 basehttp: "GET /admin/jsi18n/ HTTP/1.1" 200 3342
[INFO] 2024-04-14 19:01:59,200 basehttp: "GET /admin/ HTTP/1.1" 200 16716
[INFO] 2024-04-14 19:01:59,217 basehttp: "GET /static/vendor/fontawesome-free/css/all.min.css HTTP/1.1" 304 0
[INFO] 2024-04-14 19:01:59,220 basehttp: "GET /static/vendor/adminlte/css/adminlte.min.css HTTP/1.1" 304 0
[INFO] 2024-04-14 19:01:59,225 basehttp: "GET /static/jazzmin/css/main.css HTTP/1.1" 304 0
[INFO] 2024-04-14 19:01:59,227 basehttp: "GET /static/vendor/bootstrap/js/bootstrap.min.js HTTP/1.1" 304 0
[INFO] 2024-04-14 19:01:59,228 basehttp: "GET /static/vendor/adminlte/img/AdminLTELogo.png HTTP/1.1" 304 0
[INFO] 2024-04-14 19:01:59,228 basehttp: "GET /static/admin/js/vendor/jquery/jquery.js HTTP/1.1" 304 0
[INFO] 2024-04-14 19:01:59,233 basehttp: "GET /static/vendor/adminlte/js/adminlte.min.js HTTP/1.1" 304 0
[INFO] 2024-04-14 19:01:59,234 basehttp: "GET /static/jazzmin/js/main.js HTTP/1.1" 304 0
[INFO] 2024-04-14 19:01:59,292 basehttp: "GET /static/vendor/fontawesome-free/webfonts/fa-solid-900.woff2 HTTP/1.1" 304 0
[INFO] 2024-04-14 19:01:59,293 basehttp: "GET /static/vendor/fontawesome-free/webfonts/fa-regular-400.woff2 HTTP/1.1" 304 0
[INFO] 2024-04-14 19:02:00,172 basehttp: "GET /admin/users/groupproxy/ HTTP/1.1" 200 12318
[INFO] 2024-04-14 19:02:00,190 basehttp: "GET /static/vendor/select2/css/select2.min.css HTTP/1.1" 304 0
[INFO] 2024-04-14 19:02:00,196 basehttp: "GET /static/admin/js/admin/RelatedObjectLookups.js HTTP/1.1" 304 0
[INFO] 2024-04-14 19:02:00,204 basehttp: "GET /static/admin/js/prepopulate.js HTTP/1.1" 304 0
[INFO] 2024-04-14 19:02:00,196 basehttp: "GET /static/admin/js/jquery.init.js HTTP/1.1" 304 0
[INFO] 2024-04-14 19:02:00,196 basehttp: "GET /static/admin/js/actions.js HTTP/1.1" 304 0
[INFO] 2024-04-14 19:02:00,196 basehttp: "GET /static/admin/js/core.js HTTP/1.1" 304 0
[INFO] 2024-04-14 19:02:00,208 basehttp: "GET /static/admin/js/urlify.js HTTP/1.1" 304 0
[INFO] 2024-04-14 19:02:00,209 basehttp: "GET /static/vendor/select2/js/select2.min.js HTTP/1.1" 304 0
[INFO] 2024-04-14 19:02:00,211 basehttp: "GET /static/admin/js/vendor/xregexp/xregexp.js HTTP/1.1" 304 0
[INFO] 2024-04-14 19:02:00,215 basehttp: "GET /admin/jsi18n/ HTTP/1.1" 200 3342
[INFO] 2024-04-14 19:02:00,218 basehttp: "GET /static/jazzmin/js/change_list.js HTTP/1.1" 304 0
[INFO] 2024-04-14 19:02:00,953 basehttp: "GET /admin/workflow/testmodel/ HTTP/1.1" 200 15263
[INFO] 2024-04-14 19:02:00,982 basehttp: "GET /admin/jsi18n/ HTTP/1.1" 200 3342
[INFO] 2024-04-14 19:02:01,995 basehttp: "GET /admin/workflow/testmodel/eb5b0013-825c-4c40-a602-6930e529ebd3/change/ HTTP/1.1" 200 20223
[INFO] 2024-04-14 19:02:02,018 basehttp: "GET /static/admin/js/prepopulate_init.js HTTP/1.1" 304 0
[INFO] 2024-04-14 19:02:02,018 basehttp: "GET /static/admin/js/change_form.js HTTP/1.1" 304 0
[INFO] 2024-04-14 19:02:02,023 basehttp: "GET /static/jazzmin/js/change_form.js HTTP/1.1" 304 0
[INFO] 2024-04-14 19:02:02,030 basehttp: "GET /admin/jsi18n/ HTTP/1.1" 200 3342
[INFO] 2024-04-14 19:02:49,933 basehttp: "GET /admin/workflow/testmodel/eb5b0013-825c-4c40-a602-6930e529ebd3/change/ HTTP/1.1" 200 19866
[INFO] 2024-04-14 19:02:49,958 basehttp: "GET /static/vendor/fontawesome-free/css/all.min.css HTTP/1.1" 304 0
[INFO] 2024-04-14 19:02:49,967 basehttp: "GET /static/modeltranslation/css/tabbed_translation_fields.css HTTP/1.1" 200 4250
[INFO] 2024-04-14 19:02:49,974 basehttp: "GET /static/vendor/adminlte/css/adminlte.min.css HTTP/1.1" 304 0
[INFO] 2024-04-14 19:02:49,974 basehttp: "GET /static/jazzmin/css/main.css HTTP/1.1" 304 0
[INFO] 2024-04-14 19:02:49,979 basehttp: "GET /static/vendor/select2/css/select2.min.css HTTP/1.1" 304 0
[INFO] 2024-04-14 19:02:49,986 basehttp: "GET /static/admin/js/vendor/jquery/jquery.js HTTP/1.1" 304 0
[INFO] 2024-04-14 19:02:49,986 basehttp: "GET /static/modeltranslation/js/force_jquery.js HTTP/1.1" 200 65
[INFO] 2024-04-14 19:02:49,995 basehttp: "GET /static/admin/js/jquery.init.js HTTP/1.1" 304 0
[INFO] 2024-04-14 19:02:49,995 basehttp: "GET /static/modeltranslation/js/tabbed_translation_fields.js HTTP/1.1" 200 18984
[INFO] 2024-04-14 19:02:50,001 basehttp: "GET /static/admin/js/core.js HTTP/1.1" 304 0
[INFO] 2024-04-14 19:02:50,011 basehttp: "GET /static/admin/js/admin/RelatedObjectLookups.js HTTP/1.1" 304 0
[INFO] 2024-04-14 19:02:50,013 basehttp: "GET /static/admin/js/actions.js HTTP/1.1" 304 0
[INFO] 2024-04-14 19:02:50,034 basehttp: "GET /admin/jsi18n/ HTTP/1.1" 200 3342
[INFO] 2024-04-14 19:02:50,041 basehttp: "GET /static/admin/js/urlify.js HTTP/1.1" 304 0
[INFO] 2024-04-14 19:02:50,050 basehttp: "GET /static/admin/js/prepopulate.js HTTP/1.1" 304 0
[INFO] 2024-04-14 19:02:50,060 basehttp: "GET /static/vendor/adminlte/img/AdminLTELogo.png HTTP/1.1" 304 0
[INFO] 2024-04-14 19:02:50,062 basehttp: "GET /static/admin/js/vendor/xregexp/xregexp.js HTTP/1.1" 304 0
[INFO] 2024-04-14 19:02:50,066 basehttp: "GET /static/admin/js/change_form.js HTTP/1.1" 304 0
[INFO] 2024-04-14 19:02:50,121 basehttp: "GET /static/vendor/bootstrap/js/bootstrap.min.js HTTP/1.1" 304 0
[INFO] 2024-04-14 19:02:50,121 basehttp: "GET /static/admin/js/prepopulate_init.js HTTP/1.1" 304 0
[INFO] 2024-04-14 19:02:50,182 basehttp: "GET /static/jazzmin/js/main.js HTTP/1.1" 304 0
[INFO] 2024-04-14 19:02:50,183 basehttp: "GET /static/vendor/adminlte/js/adminlte.min.js HTTP/1.1" 304 0
[INFO] 2024-04-14 19:02:50,196 basehttp: "GET /static/jazzmin/js/change_form.js HTTP/1.1" 304 0
[INFO] 2024-04-14 19:02:50,200 basehttp: "GET /static/vendor/select2/js/select2.min.js HTTP/1.1" 304 0
[INFO] 2024-04-14 19:04:36,702 basehttp: "GET /admin/workflow/testmodel/eb5b0013-825c-4c40-a602-6930e529ebd3/change/ HTTP/1.1" 200 19526
[INFO] 2024-04-14 19:04:36,719 basehttp: "GET /static/vendor/fontawesome-free/css/all.min.css HTTP/1.1" 304 0
[INFO] 2024-04-14 19:04:36,720 basehttp: "GET /static/vendor/adminlte/css/adminlte.min.css HTTP/1.1" 304 0
[INFO] 2024-04-14 19:04:36,724 basehttp: "GET /static/jazzmin/css/main.css HTTP/1.1" 304 0
[INFO] 2024-04-14 19:04:36,732 basehttp: "GET /static/vendor/select2/css/select2.min.css HTTP/1.1" 304 0
[INFO] 2024-04-14 19:04:36,735 basehttp: "GET /static/admin/js/core.js HTTP/1.1" 304 0
[INFO] 2024-04-14 19:04:36,736 basehttp: "GET /static/admin/js/jquery.init.js HTTP/1.1" 304 0
[INFO] 2024-04-14 19:04:36,736 basehttp: "GET /static/admin/js/admin/RelatedObjectLookups.js HTTP/1.1" 304 0
[INFO] 2024-04-14 19:04:36,736 basehttp: "GET /static/admin/js/vendor/jquery/jquery.js HTTP/1.1" 304 0
[INFO] 2024-04-14 19:04:36,741 basehttp: "GET /static/admin/js/urlify.js HTTP/1.1" 304 0
[INFO] 2024-04-14 19:04:36,741 basehttp: "GET /static/admin/js/actions.js HTTP/1.1" 304 0
[INFO] 2024-04-14 19:04:36,746 basehttp: "GET /admin/jsi18n/ HTTP/1.1" 200 3342
[INFO] 2024-04-14 19:04:36,749 basehttp: "GET /static/admin/js/prepopulate.js HTTP/1.1" 304 0
[INFO] 2024-04-14 19:04:36,762 basehttp: "GET /static/admin/js/vendor/xregexp/xregexp.js HTTP/1.1" 304 0
[INFO] 2024-04-14 19:04:36,783 basehttp: "GET /static/vendor/adminlte/img/AdminLTELogo.png HTTP/1.1" 304 0
[INFO] 2024-04-14 19:04:36,783 basehttp: "GET /static/admin/js/change_form.js HTTP/1.1" 304 0
[INFO] 2024-04-14 19:04:36,821 basehttp: "GET /static/vendor/bootstrap/js/bootstrap.min.js HTTP/1.1" 304 0
[INFO] 2024-04-14 19:04:36,821 basehttp: "GET /static/vendor/adminlte/js/adminlte.min.js HTTP/1.1" 304 0
[INFO] 2024-04-14 19:04:36,822 basehttp: "GET /static/admin/js/prepopulate_init.js HTTP/1.1" 304 0
[INFO] 2024-04-14 19:04:36,822 basehttp: "GET /static/jazzmin/js/main.js HTTP/1.1" 304 0
[INFO] 2024-04-14 19:04:36,843 basehttp: "GET /static/jazzmin/js/change_form.js HTTP/1.1" 304 0
[INFO] 2024-04-14 19:04:36,844 basehttp: "GET /static/vendor/select2/js/select2.min.js HTTP/1.1" 304 0
[INFO] 2024-04-14 19:05:54,176 basehttp: "GET /admin/workflow/testmodel/eb5b0013-825c-4c40-a602-6930e529ebd3/change/ HTTP/1.1" 200 19866
[INFO] 2024-04-14 19:05:54,196 basehttp: "GET /static/vendor/fontawesome-free/css/all.min.css HTTP/1.1" 304 0
[INFO] 2024-04-14 19:05:54,197 basehttp: "GET /static/vendor/adminlte/css/adminlte.min.css HTTP/1.1" 304 0
[INFO] 2024-04-14 19:05:54,208 basehttp: "GET /static/jazzmin/css/main.css HTTP/1.1" 304 0
[INFO] 2024-04-14 19:05:54,212 basehttp: "GET /static/vendor/select2/css/select2.min.css HTTP/1.1" 304 0
[INFO] 2024-04-14 19:05:54,213 basehttp: "GET /static/modeltranslation/css/tabbed_translation_fields.css HTTP/1.1" 304 0
[INFO] 2024-04-14 19:05:54,222 basehttp: "GET /static/admin/js/core.js HTTP/1.1" 304 0
[INFO] 2024-04-14 19:05:54,217 basehttp: "GET /static/admin/js/jquery.init.js HTTP/1.1" 304 0
[INFO] 2024-04-14 19:05:54,213 basehttp: "GET /static/admin/js/vendor/jquery/jquery.js HTTP/1.1" 304 0
[INFO] 2024-04-14 19:05:54,225 basehttp: "GET /static/modeltranslation/js/force_jquery.js HTTP/1.1" 304 0
[INFO] 2024-04-14 19:05:54,229 basehttp: "GET /admin/jsi18n/ HTTP/1.1" 200 3342
[INFO] 2024-04-14 19:05:54,232 basehttp: "GET /static/admin/js/admin/RelatedObjectLookups.js HTTP/1.1" 304 0
[INFO] 2024-04-14 19:05:54,241 basehttp: "GET /static/admin/js/actions.js HTTP/1.1" 304 0
[INFO] 2024-04-14 19:05:54,262 basehttp: "GET /static/admin/js/urlify.js HTTP/1.1" 304 0
[INFO] 2024-04-14 19:05:54,262 basehttp: "GET /static/modeltranslation/js/tabbed_translation_fields.js HTTP/1.1" 304 0
[INFO] 2024-04-14 19:05:54,281 basehttp: "GET /static/admin/js/prepopulate.js HTTP/1.1" 304 0
[INFO] 2024-04-14 19:05:54,282 basehttp: "GET /static/admin/js/vendor/xregexp/xregexp.js HTTP/1.1" 304 0
[INFO] 2024-04-14 19:05:54,294 basehttp: "GET /static/vendor/adminlte/img/AdminLTELogo.png HTTP/1.1" 304 0
[INFO] 2024-04-14 19:05:54,294 basehttp: "GET /static/admin/js/change_form.js HTTP/1.1" 304 0
[INFO] 2024-04-14 19:05:54,346 basehttp: "GET /static/admin/js/prepopulate_init.js HTTP/1.1" 304 0
[INFO] 2024-04-14 19:05:54,346 basehttp: "GET /static/vendor/bootstrap/js/bootstrap.min.js HTTP/1.1" 304 0
[INFO] 2024-04-14 19:05:54,356 basehttp: "GET /static/jazzmin/js/main.js HTTP/1.1" 304 0
[INFO] 2024-04-14 19:05:54,357 basehttp: "GET /static/vendor/select2/js/select2.min.js HTTP/1.1" 304 0
[INFO] 2024-04-14 19:05:54,357 basehttp: "GET /static/jazzmin/js/change_form.js HTTP/1.1" 304 0
[INFO] 2024-04-14 19:05:54,357 basehttp: "GET /static/vendor/adminlte/js/adminlte.min.js HTTP/1.1" 304 0
[INFO] 2024-04-14 19:05:54,370 basehttp: "GET /static/vendor/fontawesome-free/webfonts/fa-solid-900.woff2 HTTP/1.1" 304 0
[INFO] 2024-04-14 19:05:54,371 basehttp: "GET /static/vendor/fontawesome-free/webfonts/fa-regular-400.woff2 HTTP/1.1" 304 0
[INFO] 2024-04-14 19:06:03,267 basehttp: "POST /admin/workflow/testmodel/eb5b0013-825c-4c40-a602-6930e529ebd3/change/ HTTP/1.1" 302 0
[INFO] 2024-04-14 19:06:03,370 basehttp: "GET /admin/workflow/testmodel/ HTTP/1.1" 200 16211
[INFO] 2024-04-14 19:06:03,401 basehttp: "GET /static/jazzmin/js/change_list.js HTTP/1.1" 304 0
[INFO] 2024-04-14 19:06:03,414 basehttp: "GET /admin/jsi18n/ HTTP/1.1" 200 3342
[INFO] 2024-04-14 19:06:04,604 basehttp: "GET /admin/workflow/testmodel/eb5b0013-825c-4c40-a602-6930e529ebd3/change/ HTTP/1.1" 200 19878
[INFO] 2024-04-14 19:06:04,637 basehttp: "GET /admin/jsi18n/ HTTP/1.1" 200 3342
[INFO] 2024-04-14 19:06:08,404 basehttp: "GET /admin/ HTTP/1.1" 200 18224
[INFO] 2024-04-14 19:06:13,000 basehttp: "GET /admin/users/user/ HTTP/1.1" 200 18393
[INFO] 2024-04-14 19:06:13,022 basehttp: "GET /static/admin/img/icon-yes.svg HTTP/1.1" 304 0
[INFO] 2024-04-14 19:06:13,033 basehttp: "GET /admin/jsi18n/ HTTP/1.1" 200 3342
[INFO] 2024-04-14 19:06:13,497 basehttp: "GET /admin/users/groupproxy/ HTTP/1.1" 200 12318
[INFO] 2024-04-14 19:06:13,534 basehttp: "GET /admin/jsi18n/ HTTP/1.1" 200 3342
[INFO] 2024-04-14 19:06:14,131 basehttp: "GET /admin/users/permissionproxy/ HTTP/1.1" 200 34664
[INFO] 2024-04-14 19:06:14,163 basehttp: "GET /admin/jsi18n/ HTTP/1.1" 200 3342
[INFO] 2024-04-14 19:06:15,443 basehttp: "GET /admin/workflow/testmodel/ HTTP/1.1" 200 15604
[INFO] 2024-04-14 19:06:15,481 basehttp: "GET /admin/jsi18n/ HTTP/1.1" 200 3342
[INFO] 2024-04-14 19:06:16,127 basehttp: "GET /admin/users/user/ HTTP/1.1" 200 18393
[INFO] 2024-04-14 19:06:16,160 basehttp: "GET /admin/jsi18n/ HTTP/1.1" 200 3342
[INFO] 2024-04-14 19:06:20,083 basehttp: "GET /admin/workflow/testmodel/ HTTP/1.1" 200 15604
[INFO] 2024-04-14 19:06:20,113 basehttp: "GET /admin/jsi18n/ HTTP/1.1" 200 3342
[INFO] 2024-04-14 19:06:21,693 basehttp: "GET /admin/users/user/5a3ce7b0-399f-466c-bfb7-f86ae2c738a3/change/ HTTP/1.1" 200 31049
[INFO] 2024-04-14 19:06:21,716 basehttp: "GET /static/admin/js/SelectFilter2.js HTTP/1.1" 200 15492
[INFO] 2024-04-14 19:06:21,716 basehttp: "GET /static/admin/js/SelectBox.js HTTP/1.1" 200 4530
[INFO] 2024-04-14 19:06:21,726 basehttp: "GET /admin/jsi18n/ HTTP/1.1" 200 3342
[INFO] 2024-04-14 19:06:22,399 basehttp: "GET /admin/ HTTP/1.1" 200 18224
[INFO] 2024-04-14 19:07:14,512 basehttp: "GET /admin/users/user/ HTTP/1.1" 200 18393
[INFO] 2024-04-14 19:07:14,536 basehttp: "GET /static/vendor/fontawesome-free/css/all.min.css HTTP/1.1" 304 0
[INFO] 2024-04-14 19:07:14,536 basehttp: "GET /static/vendor/adminlte/css/adminlte.min.css HTTP/1.1" 304 0
[INFO] 2024-04-14 19:07:14,542 basehttp: "GET /static/admin/js/jquery.init.js HTTP/1.1" 304 0
[INFO] 2024-04-14 19:07:14,543 basehttp: "GET /static/vendor/select2/css/select2.min.css HTTP/1.1" 304 0
[INFO] 2024-04-14 19:07:14,543 basehttp: "GET /static/jazzmin/css/main.css HTTP/1.1" 304 0
[INFO] 2024-04-14 19:07:14,543 basehttp: "GET /static/admin/js/vendor/jquery/jquery.js HTTP/1.1" 304 0
[INFO] 2024-04-14 19:07:14,549 basehttp: "GET /static/admin/js/core.js HTTP/1.1" 304 0
[INFO] 2024-04-14 19:07:14,548 basehttp: "GET /static/admin/js/admin/RelatedObjectLookups.js HTTP/1.1" 304 0
[INFO] 2024-04-14 19:07:14,546 basehttp: "GET /static/admin/js/actions.js HTTP/1.1" 304 0
[INFO] 2024-04-14 19:07:14,554 basehttp: "GET /admin/jsi18n/ HTTP/1.1" 200 3342
[INFO] 2024-04-14 19:07:14,557 basehttp: "GET /static/admin/js/urlify.js HTTP/1.1" 304 0
[INFO] 2024-04-14 19:07:14,581 basehttp: "GET /static/admin/js/prepopulate.js HTTP/1.1" 304 0
[INFO] 2024-04-14 19:07:14,591 basehttp: "GET /static/admin/js/vendor/xregexp/xregexp.js HTTP/1.1" 304 0
[INFO] 2024-04-14 19:07:14,596 basehttp: "GET /static/admin/img/icon-yes.svg HTTP/1.1" 304 0
[INFO] 2024-04-14 19:07:14,596 basehttp: "GET /static/vendor/adminlte/img/AdminLTELogo.png HTTP/1.1" 304 0
[INFO] 2024-04-14 19:07:14,647 basehttp: "GET /static/vendor/adminlte/js/adminlte.min.js HTTP/1.1" 304 0
[INFO] 2024-04-14 19:07:14,648 basehttp: "GET /static/vendor/bootstrap/js/bootstrap.min.js HTTP/1.1" 304 0
[INFO] 2024-04-14 19:07:14,657 basehttp: "GET /static/vendor/select2/js/select2.min.js HTTP/1.1" 304 0
[INFO] 2024-04-14 19:07:14,657 basehttp: "GET /static/jazzmin/js/main.js HTTP/1.1" 304 0
[INFO] 2024-04-14 19:07:14,657 basehttp: "GET /static/jazzmin/js/change_list.js HTTP/1.1" 304 0
[INFO] 2024-04-14 19:07:14,867 basehttp: "GET /admin/users/groupproxy/ HTTP/1.1" 200 12318
[INFO] 2024-04-14 19:07:14,899 basehttp: "GET /admin/jsi18n/ HTTP/1.1" 200 3342
[INFO] 2024-04-14 19:07:15,360 basehttp: "GET /admin/users/permissionproxy/ HTTP/1.1" 200 34664
[INFO] 2024-04-14 19:07:15,395 basehttp: "GET /admin/jsi18n/ HTTP/1.1" 200 3342
[INFO] 2024-04-14 19:07:15,967 basehttp: "GET /admin/ HTTP/1.1" 200 18223
[INFO] 2024-04-14 19:33:39,192 basehttp: "GET /schema/swagger/ HTTP/1.1" 200 4645
[INFO] 2024-04-14 19:33:39,580 basehttp: "GET /schema/ HTTP/1.1" 200 23429
[INFO] 2024-04-14 19:37:42,762 basehttp: "GET /admin/ HTTP/1.1" 200 18233
[INFO] 2024-04-14 19:37:42,780 basehttp: "GET /admin/ HTTP/1.1" 200 18233
[INFO] 2024-04-14 19:37:42,817 basehttp: "GET /static/vendor/fontawesome-free/css/all.min.css HTTP/1.1" 304 0
[INFO] 2024-04-14 19:37:42,818 basehttp: "GET /static/vendor/adminlte/css/adminlte.min.css HTTP/1.1" 304 0
[INFO] 2024-04-14 19:37:42,819 basehttp: "GET /static/vendor/adminlte/img/AdminLTELogo.png HTTP/1.1" 304 0
[INFO] 2024-04-14 19:37:42,830 basehttp: "GET /static/jazzmin/css/main.css HTTP/1.1" 304 0
[INFO] 2024-04-14 19:37:42,831 basehttp: "GET /static/vendor/bootstrap/js/bootstrap.min.js HTTP/1.1" 304 0
[INFO] 2024-04-14 19:37:42,831 basehttp: "GET /static/admin/js/vendor/jquery/jquery.js HTTP/1.1" 304 0
[INFO] 2024-04-14 19:37:42,833 basehttp: "GET /static/vendor/adminlte/js/adminlte.min.js HTTP/1.1" 304 0
[INFO] 2024-04-14 19:37:42,869 basehttp: "GET /static/jazzmin/js/main.js HTTP/1.1" 304 0
[INFO] 2024-04-14 19:37:43,442 basehttp: "GET /static/vendor/fontawesome-free/webfonts/fa-solid-900.woff2 HTTP/1.1" 304 0
[INFO] 2024-04-14 19:37:43,442 basehttp: "GET /static/vendor/fontawesome-free/webfonts/fa-regular-400.woff2 HTTP/1.1" 304 0
[INFO] 2024-04-14 19:37:47,019 basehttp: "GET /admin/users/user/5a3ce7b0-399f-466c-bfb7-f86ae2c738a3/change/ HTTP/1.1" 200 31049
[INFO] 2024-04-14 19:37:47,113 basehttp: "GET /static/vendor/select2/css/select2.min.css HTTP/1.1" 304 0
[INFO] 2024-04-14 19:37:47,129 basehttp: "GET /static/admin/js/SelectBox.js HTTP/1.1" 304 0
[INFO] 2024-04-14 19:37:47,129 basehttp: "GET /static/admin/js/actions.js HTTP/1.1" 304 0
[INFO] 2024-04-14 19:37:47,130 basehttp: "GET /static/admin/js/core.js HTTP/1.1" 304 0
[INFO] 2024-04-14 19:37:47,131 basehttp: "GET /static/admin/js/jquery.init.js HTTP/1.1" 304 0
[INFO] 2024-04-14 19:37:47,131 basehttp: "GET /static/admin/js/SelectFilter2.js HTTP/1.1" 304 0
[INFO] 2024-04-14 19:37:47,132 basehttp: "GET /static/admin/js/prepopulate.js HTTP/1.1" 304 0
[INFO] 2024-04-14 19:37:47,136 basehttp: "GET /static/admin/js/urlify.js HTTP/1.1" 304 0
[INFO] 2024-04-14 19:37:47,140 basehttp: "GET /static/admin/js/admin/RelatedObjectLookups.js HTTP/1.1" 304 0
[INFO] 2024-04-14 19:37:47,140 basehttp: "GET /static/admin/js/vendor/xregexp/xregexp.js HTTP/1.1" 304 0
[INFO] 2024-04-14 19:37:47,147 basehttp: "GET /admin/jsi18n/ HTTP/1.1" 200 3342
[INFO] 2024-04-14 19:37:47,182 basehttp: "GET /static/admin/js/change_form.js HTTP/1.1" 304 0
[INFO] 2024-04-14 19:37:47,184 basehttp: "GET /static/admin/js/prepopulate_init.js HTTP/1.1" 304 0
[INFO] 2024-04-14 19:37:47,188 basehttp: "GET /static/vendor/select2/js/select2.min.js HTTP/1.1" 304 0
[INFO] 2024-04-14 19:37:47,251 basehttp: "GET /static/jazzmin/js/change_form.js HTTP/1.1" 304 0
[INFO] 2024-04-14 19:37:47,803 basehttp: "GET /admin/ HTTP/1.1" 200 18233
[INFO] 2024-04-14 19:37:48,875 basehttp: "GET /admin/users/user/ HTTP/1.1" 200 18393
[INFO] 2024-04-14 19:37:48,894 basehttp: "GET /static/jazzmin/js/change_list.js HTTP/1.1" 304 0
[INFO] 2024-04-14 19:37:48,894 basehttp: "GET /static/admin/img/icon-yes.svg HTTP/1.1" 304 0
[INFO] 2024-04-14 19:37:48,907 basehttp: "GET /admin/jsi18n/ HTTP/1.1" 200 3342
[INFO] 2024-04-14 19:37:49,801 basehttp: "GET /admin/users/groupproxy/ HTTP/1.1" 200 12318
[INFO] 2024-04-14 19:37:49,831 basehttp: "GET /admin/jsi18n/ HTTP/1.1" 200 3342
[INFO] 2024-04-14 19:37:50,402 basehttp: "GET /admin/users/permissionproxy/ HTTP/1.1" 200 34664
[INFO] 2024-04-14 19:37:50,455 basehttp: "GET /admin/jsi18n/ HTTP/1.1" 200 3342
[INFO] 2024-04-14 19:37:51,318 basehttp: "GET /admin/users/user/5a3ce7b0-399f-466c-bfb7-f86ae2c738a3/change/ HTTP/1.1" 200 31049
[INFO] 2024-04-14 19:37:51,347 basehttp: "GET /admin/jsi18n/ HTTP/1.1" 200 3342
[INFO] 2024-04-14 19:37:52,026 basehttp: "GET /admin/ HTTP/1.1" 200 18233
[INFO] 2024-04-14 19:37:52,985 basehttp: "GET /admin/ HTTP/1.1" 200 18233
[INFO] 2024-04-14 19:37:53,965 basehttp: "GET /admin/ HTTP/1.1" 200 18233
[INFO] 2024-04-14 19:37:54,781 basehttp: "GET /admin/users/user/5a3ce7b0-399f-466c-bfb7-f86ae2c738a3/change/ HTTP/1.1" 200 31049
[INFO] 2024-04-14 19:37:54,816 basehttp: "GET /admin/jsi18n/ HTTP/1.1" 200 3342
[INFO] 2024-04-14 19:37:55,455 basehttp: "GET /admin/users/user/ HTTP/1.1" 200 18393
[INFO] 2024-04-14 19:37:55,485 basehttp: "GET /admin/jsi18n/ HTTP/1.1" 200 3342
[ERROR] 2024-04-14 19:37:56,653 basehttp: "GET /admin/users/ HTTP/1.1" 500 86969
[WARNING] 2024-04-14 19:37:56,799 basehttp: "GET /favicon.ico HTTP/1.1" 404 2814
[INFO] 2024-04-14 19:55:47,575 basehttp: "GET /admin/ HTTP/1.1" 302 0
[INFO] 2024-04-14 19:55:47,613 basehttp: "GET /admin/login/?next=/admin/ HTTP/1.1" 200 3062
[INFO] 2024-04-14 19:55:47,669 basehttp: "GET /static/vendor/fontawesome-free/css/all.min.css HTTP/1.1" 200 59344
[INFO] 2024-04-14 19:55:47,676 basehttp: "GET /static/jazzmin/css/main.css HTTP/1.1" 200 16969
[INFO] 2024-04-14 19:55:47,676 basehttp: "GET /static/vendor/adminlte/img/AdminLTELogo.png HTTP/1.1" 200 2637
[INFO] 2024-04-14 19:55:47,716 basehttp: "GET /static/vendor/adminlte/css/adminlte.min.css HTTP/1.1" 200 1382975
[INFO] 2024-04-14 19:55:47,719 basehttp: "GET /static/vendor/adminlte/js/adminlte.min.js HTTP/1.1" 200 44244
[INFO] 2024-04-14 19:55:47,720 basehttp: "GET /static/vendor/bootstrap/js/bootstrap.min.js HTTP/1.1" 200 62440
[INFO] 2024-04-14 19:55:47,720 basehttp: "GET /static/admin/js/vendor/jquery/jquery.js HTTP/1.1" 200 285314
[INFO] 2024-04-14 19:55:47,952 basehttp: "GET /static/vendor/fontawesome-free/webfonts/fa-solid-900.woff2 HTTP/1.1" 200 78196
[WARNING] 2024-04-14 19:56:39,407 basehttp: "POST /admin/login/?next=/admin/ HTTP/1.1" 403 2517
[WARNING] 2024-04-14 19:56:39,506 basehttp: "GET /favicon.ico HTTP/1.1" 404 2814
[INFO] 2024-04-14 19:56:43,294 basehttp: "GET /admin/login/?next=/admin/ HTTP/1.1" 200 3062
[INFO] 2024-04-14 19:56:45,452 basehttp: "GET /admin/ HTTP/1.1" 302 0
[INFO] 2024-04-14 19:56:45,464 basehttp: "GET /admin/login/?next=/admin/ HTTP/1.1" 200 3062
[INFO] 2024-04-14 19:56:52,641 basehttp: "POST /admin/login/?next=/admin/ HTTP/1.1" 302 0
[INFO] 2024-04-14 19:56:52,755 basehttp: "GET /admin/ HTTP/1.1" 200 18234
[INFO] 2024-04-14 19:56:52,790 basehttp: "GET /static/jazzmin/js/main.js HTTP/1.1" 200 2391
[INFO] 2024-04-14 19:56:52,880 basehttp: "GET /static/vendor/fontawesome-free/webfonts/fa-regular-400.woff2 HTTP/1.1" 200 13276
[INFO] 2024-04-14 19:56:56,304 basehttp: "GET /admin/users/user/ HTTP/1.1" 200 18393
[INFO] 2024-04-14 19:56:56,418 basehttp: "GET /static/admin/js/core.js HTTP/1.1" 200 6208
[INFO] 2024-04-14 19:56:56,418 basehttp: "GET /static/admin/js/jquery.init.js HTTP/1.1" 200 347
[INFO] 2024-04-14 19:56:56,425 basehttp: "GET /static/vendor/select2/css/select2.min.css HTTP/1.1" 200 16264
[INFO] 2024-04-14 19:56:56,425 basehttp: "GET /static/admin/js/admin/RelatedObjectLookups.js HTTP/1.1" 200 9042
[INFO] 2024-04-14 19:56:56,445 basehttp: "GET /static/admin/js/urlify.js HTTP/1.1" 200 7887
[INFO] 2024-04-14 19:56:56,463 basehttp: "GET /static/admin/js/actions.js HTTP/1.1" 200 8067
[INFO] 2024-04-14 19:56:56,525 basehttp: "GET /static/admin/js/prepopulate.js HTTP/1.1" 200 1531
[INFO] 2024-04-14 19:56:56,547 basehttp: "GET /static/admin/js/vendor/xregexp/xregexp.js HTTP/1.1" 200 325171
[INFO] 2024-04-14 19:56:56,583 basehttp: "GET /static/admin/img/icon-yes.svg HTTP/1.1" 200 436
[INFO] 2024-04-14 19:56:56,590 basehttp: "GET /admin/jsi18n/ HTTP/1.1" 200 3342
[INFO] 2024-04-14 19:56:56,591 basehttp: "GET /static/vendor/select2/js/select2.min.js HTTP/1.1" 200 73170
[INFO] 2024-04-14 19:56:56,646 basehttp: "GET /static/jazzmin/js/change_list.js HTTP/1.1" 200 2252
[INFO] 2024-04-14 19:56:58,191 basehttp: "GET /admin/users/groupproxy/ HTTP/1.1" 200 12318
[INFO] 2024-04-14 19:56:58,242 basehttp: "GET /admin/jsi18n/ HTTP/1.1" 200 3342
[INFO] 2024-04-14 19:56:59,098 basehttp: "GET /admin/users/permissionproxy/ HTTP/1.1" 200 34664
[INFO] 2024-04-14 19:56:59,138 basehttp: "GET /admin/jsi18n/ HTTP/1.1" 200 3342
[INFO] 2024-04-14 19:57:01,359 basehttp: "GET /admin/workflow/testmodel/ HTTP/1.1" 200 15604
[INFO] 2024-04-14 19:57:01,399 basehttp: "GET /static/modeltranslation/css/tabbed_translation_fields.css HTTP/1.1" 200 4250
[INFO] 2024-04-14 19:57:01,399 basehttp: "GET /static/modeltranslation/js/force_jquery.js HTTP/1.1" 200 65
[INFO] 2024-04-14 19:57:01,412 basehttp: "GET /static/modeltranslation/js/tabbed_translation_fields.js HTTP/1.1" 200 18984
[INFO] 2024-04-14 19:57:01,424 basehttp: "GET /admin/jsi18n/ HTTP/1.1" 200 3342
[INFO] 2024-04-14 19:57:02,578 basehttp: "GET /admin/workflow/testmodel/eb5b0013-825c-4c40-a602-6930e529ebd3/change/ HTTP/1.1" 200 19878
[INFO] 2024-04-14 19:57:02,632 basehttp: "GET /static/admin/js/prepopulate_init.js HTTP/1.1" 200 586
[INFO] 2024-04-14 19:57:02,632 basehttp: "GET /static/admin/js/change_form.js HTTP/1.1" 200 606
[INFO] 2024-04-14 19:57:02,637 basehttp: "GET /admin/jsi18n/ HTTP/1.1" 200 3342
[INFO] 2024-04-14 19:57:02,660 basehttp: "GET /static/jazzmin/js/change_form.js HTTP/1.1" 200 6052
[INFO] 2024-04-14 19:57:13,679 basehttp: "GET /admin/ HTTP/1.1" 200 18234
[INFO] 2024-04-14 19:57:14,758 basehttp: "GET /admin/users/user/ HTTP/1.1" 200 18393
[INFO] 2024-04-14 19:57:14,833 basehttp: "GET /admin/jsi18n/ HTTP/1.1" 200 3342
[INFO] 2024-04-14 19:57:15,072 basehttp: "GET /admin/users/groupproxy/ HTTP/1.1" 200 12318
[INFO] 2024-04-14 19:57:15,127 basehttp: "GET /admin/jsi18n/ HTTP/1.1" 200 3342
[INFO] 2024-04-14 19:57:15,766 basehttp: "GET /admin/users/permissionproxy/ HTTP/1.1" 200 34664
[INFO] 2024-04-14 19:57:15,806 basehttp: "GET /admin/jsi18n/ HTTP/1.1" 200 3342
[INFO] 2024-04-14 19:57:32,014 basehttp: "GET /admin/users/user/ HTTP/1.1" 302 0
[INFO] 2024-04-14 19:57:32,024 basehttp: "GET /admin/login/?next=/admin/users/user/ HTTP/1.1" 200 3073
[INFO] 2024-04-14 19:57:37,809 basehttp: "POST /admin/login/?next=/admin/users/user/ HTTP/1.1" 302 0
[INFO] 2024-04-14 19:57:37,878 basehttp: "GET /admin/users/user/ HTTP/1.1" 200 18393
[INFO] 2024-04-14 19:57:37,930 basehttp: "GET /admin/jsi18n/ HTTP/1.1" 200 3342
[INFO] 2024-04-14 19:57:40,265 basehttp: "GET /admin/users/groupproxy/ HTTP/1.1" 200 12318
[INFO] 2024-04-14 19:57:40,311 basehttp: "GET /admin/jsi18n/ HTTP/1.1" 200 3342
[INFO] 2024-04-14 19:57:42,241 basehttp: "GET /admin/ HTTP/1.1" 200 18234
[INFO] 2024-04-14 19:57:48,288 basehttp: "GET /admin/workflow/testmodel/ HTTP/1.1" 200 15604
[INFO] 2024-04-14 19:57:48,367 basehttp: "GET /admin/jsi18n/ HTTP/1.1" 200 3342
[INFO] 2024-04-14 19:57:49,648 basehttp: "GET /admin/users/permissionproxy/ HTTP/1.1" 200 34664
[INFO] 2024-04-14 19:57:49,705 basehttp: "GET /admin/jsi18n/ HTTP/1.1" 200 3342
[INFO] 2024-04-14 19:57:50,342 basehttp: "GET /admin/users/groupproxy/ HTTP/1.1" 200 12318
[INFO] 2024-04-14 19:57:50,381 basehttp: "GET /admin/jsi18n/ HTTP/1.1" 200 3342
[INFO] 2024-04-14 19:57:51,360 basehttp: "GET /admin/users/user/ HTTP/1.1" 200 18393
[INFO] 2024-04-14 19:57:51,430 basehttp: "GET /admin/jsi18n/ HTTP/1.1" 200 3342
[INFO] 2024-04-14 19:57:53,048 basehttp: "GET /admin/users/user/5a3ce7b0-399f-466c-bfb7-f86ae2c738a3/change/ HTTP/1.1" 200 31049
[INFO] 2024-04-14 19:57:53,105 basehttp: "GET /static/admin/js/SelectBox.js HTTP/1.1" 200 4530
[INFO] 2024-04-14 19:57:53,114 basehttp: "GET /admin/jsi18n/ HTTP/1.1" 200 3342
[INFO] 2024-04-14 19:57:53,114 basehttp: "GET /static/admin/js/SelectFilter2.js HTTP/1.1" 200 15492
[INFO] 2024-04-14 19:57:56,509 basehttp: "GET /static/jazzmin/img/selector-icons.svg HTTP/1.1" 200 3291
[INFO] 2024-04-14 19:58:06,584 basehttp: "GET /admin/workflow/testmodel/ HTTP/1.1" 200 15604
[INFO] 2024-04-14 19:58:06,645 basehttp: "GET /admin/jsi18n/ HTTP/1.1" 200 3342
[INFO] 2024-04-14 19:58:08,335 basehttp: "GET /admin/workflow/testmodel/eb5b0013-825c-4c40-a602-6930e529ebd3/change/ HTTP/1.1" 200 19878
[INFO] 2024-04-14 19:58:08,434 basehttp: "GET /admin/jsi18n/ HTTP/1.1" 200 3342
[INFO] 2024-04-14 19:58:28,665 basehttp: "GET /admin/users/user/ HTTP/1.1" 200 18393
[INFO] 2024-04-14 19:58:28,716 basehttp: "GET /admin/jsi18n/ HTTP/1.1" 200 3342
[INFO] 2024-04-14 19:58:30,186 basehttp: "GET /admin/ HTTP/1.1" 200 18234
